<?xml version="1.0" ?>
<coverage branch-rate="0.4643" branches-covered="78" branches-valid="168" complexity="0" line-rate="0.6318" lines-covered="302" lines-valid="478" timestamp="1597067094929" version="5.2.1">
	<!-- Generated by coverage.py: https://coverage.readthedocs.io -->
	<!-- Based on https://raw.githubusercontent.com/cobertura/web/master/htdocs/xml/coverage-04.dtd -->
	<sources>
		<source>/Users/balazsattila/Env/fuzz_framework</source>
	</sources>
	<packages>
		<package branch-rate="1" complexity="0" line-rate="1" name="framework">
			<classes>
				<class branch-rate="1" complexity="0" filename="framework/__init__.py" line-rate="1" name="__init__.py">
					<methods/>
					<lines/>
				</class>
			</classes>
		</package>
		<package branch-rate="0.5" complexity="0" line-rate="0.8" name="framework.core">
			<classes>
				<class branch-rate="1" complexity="0" filename="framework/core/__init__.py" line-rate="1" name="__init__.py">
					<methods/>
					<lines/>
				</class>
				<class branch-rate="0.5" complexity="0" filename="framework/core/fuzz_object.py" line-rate="0.8" name="fuzz_object.py">
					<methods/>
					<lines>
						<line hits="1" number="6"/>
						<line hits="1" number="7"/>
						<line hits="1" number="8"/>
						<line hits="1" number="9"/>
						<line hits="1" number="12"/>
						<line hits="1" number="15"/>
						<line hits="1" number="21"/>
						<line hits="1" number="22"/>
						<line hits="1" number="23"/>
						<line hits="1" number="25"/>
						<line hits="1" number="26"/>
						<line branch="true" condition-coverage="100% (2/2)" hits="1" number="30"/>
						<line hits="1" number="31"/>
						<line hits="1" number="32"/>
						<line hits="1" number="33"/>
						<line hits="1" number="34"/>
						<line hits="1" number="36"/>
						<line hits="1" number="37"/>
						<line branch="true" condition-coverage="50% (1/2)" hits="1" missing-branches="40" number="38"/>
						<line hits="1" number="39"/>
						<line hits="1" number="40"/>
						<line hits="1" number="41"/>
						<line hits="1" number="42"/>
						<line hits="1" number="43"/>
						<line hits="1" number="44"/>
						<line hits="1" number="45"/>
						<line hits="1" number="47"/>
						<line hits="1" number="48"/>
						<line hits="0" number="53"/>
						<line hits="1" number="55"/>
						<line branch="true" condition-coverage="0% (0/2)" hits="0" missing-branches="exit,64" number="63"/>
						<line hits="0" number="64"/>
						<line hits="0" number="65"/>
						<line hits="0" number="66"/>
						<line hits="0" number="67"/>
						<line hits="1" number="69"/>
						<line hits="1" number="74"/>
						<line branch="true" condition-coverage="50% (1/2)" hits="1" missing-branches="76" number="75"/>
						<line hits="0" number="76"/>
						<line hits="1" number="78"/>
						<line hits="1" number="79"/>
						<line hits="1" number="85"/>
						<line hits="0" number="90"/>
						<line hits="1" number="92"/>
						<line hits="0" number="97"/>
					</lines>
				</class>
			</classes>
		</package>
		<package branch-rate="0.75" complexity="0" line-rate="0.8632" name="framework.services">
			<classes>
				<class branch-rate="1" complexity="0" filename="framework/services/__init__.py" line-rate="1" name="__init__.py">
					<methods/>
					<lines/>
				</class>
				<class branch-rate="0.7381" complexity="0" filename="framework/services/parse_pb.py" line-rate="0.8585" name="parse_pb.py">
					<methods/>
					<lines>
						<line hits="1" number="17"/>
						<line hits="1" number="18"/>
						<line hits="1" number="19"/>
						<line hits="1" number="20"/>
						<line hits="1" number="21"/>
						<line hits="1" number="22"/>
						<line hits="1" number="23"/>
						<line hits="1" number="24"/>
						<line hits="1" number="26"/>
						<line hits="1" number="27"/>
						<line hits="1" number="29"/>
						<line hits="1" number="30"/>
						<line hits="1" number="31"/>
						<line branch="true" condition-coverage="100% (2/2)" hits="1" number="41"/>
						<line branch="true" condition-coverage="100% (2/2)" hits="1" number="42"/>
						<line branch="true" condition-coverage="100% (2/2)" hits="1" number="43"/>
						<line hits="1" number="46"/>
						<line hits="1" number="52"/>
						<line hits="1" number="54"/>
						<line hits="1" number="60"/>
						<line hits="1" number="61"/>
						<line hits="1" number="62"/>
						<line hits="1" number="63"/>
						<line hits="1" number="64"/>
						<line hits="1" number="65"/>
						<line hits="1" number="66"/>
						<line hits="1" number="67"/>
						<line hits="1" number="69"/>
						<line hits="0" number="75"/>
						<line hits="1" number="77"/>
						<line hits="1" number="84"/>
						<line branch="true" condition-coverage="50% (1/2)" hits="1" missing-branches="exit" number="85"/>
						<line hits="1" number="86"/>
						<line hits="1" number="90"/>
						<line hits="1" number="91"/>
						<line hits="1" number="98"/>
						<line hits="1" number="100"/>
						<line hits="1" number="101"/>
						<line hits="1" number="108"/>
						<line hits="1" number="110"/>
						<line hits="1" number="111"/>
						<line hits="1" number="118"/>
						<line hits="1" number="120"/>
						<line hits="1" number="121"/>
						<line hits="1" number="128"/>
						<line branch="true" condition-coverage="100% (2/2)" hits="1" number="129"/>
						<line hits="1" number="130"/>
						<line hits="1" number="131"/>
						<line hits="1" number="133"/>
						<line hits="1" number="142"/>
						<line hits="1" number="145"/>
						<line hits="0" number="154"/>
						<line hits="1" number="157"/>
						<line hits="1" number="166"/>
						<line branch="true" condition-coverage="100% (2/2)" hits="1" number="167"/>
						<line branch="true" condition-coverage="100% (2/2)" hits="1" number="168"/>
						<line branch="true" condition-coverage="100% (2/2)" hits="1" number="170"/>
						<line branch="true" condition-coverage="100% (2/2)" hits="1" number="172"/>
						<line hits="1" number="173"/>
						<line hits="1" number="176"/>
						<line branch="true" condition-coverage="50% (1/2)" hits="1" missing-branches="182" number="180"/>
						<line hits="0" number="182"/>
						<line hits="0" number="184"/>
						<line branch="true" condition-coverage="50% (1/2)" hits="1" missing-branches="190" number="188"/>
						<line hits="0" number="190"/>
						<line hits="0" number="193"/>
						<line branch="true" condition-coverage="50% (1/2)" hits="1" missing-branches="199" number="197"/>
						<line hits="0" number="199"/>
						<line hits="0" number="202"/>
						<line branch="true" condition-coverage="50% (1/2)" hits="1" missing-branches="207" number="205"/>
						<line hits="0" number="207"/>
						<line hits="0" number="208"/>
						<line branch="true" condition-coverage="50% (1/2)" hits="1" missing-branches="218" number="216"/>
						<line hits="0" number="218"/>
						<line hits="0" number="219"/>
						<line branch="true" condition-coverage="50% (1/2)" hits="1" missing-branches="228" number="222"/>
						<line hits="1" number="224"/>
						<line hits="1" number="225"/>
						<line branch="true" condition-coverage="0% (0/2)" hits="0" missing-branches="230,234" number="228"/>
						<line hits="0" number="230"/>
						<line hits="0" number="231"/>
						<line branch="true" condition-coverage="0% (0/2)" hits="0" missing-branches="236,240" number="234"/>
						<line hits="0" number="236"/>
						<line hits="0" number="237"/>
						<line branch="true" condition-coverage="0% (0/2)" hits="0" missing-branches="168,242" number="240"/>
						<line hits="0" number="242"/>
						<line hits="0" number="243"/>
						<line hits="1" number="247"/>
						<line hits="1" number="249"/>
						<line hits="1" number="250"/>
						<line hits="1" number="258"/>
						<line hits="1" number="260"/>
						<line hits="1" number="261"/>
						<line branch="true" condition-coverage="0% (0/2)" hits="0" missing-branches="exit,270" number="269"/>
						<line hits="0" number="270"/>
						<line hits="1" number="272"/>
						<line hits="1" number="273"/>
						<line hits="1" number="281"/>
						<line hits="1" number="283"/>
						<line hits="1" number="284"/>
						<line hits="1" number="292"/>
						<line hits="1" number="294"/>
						<line hits="1" number="295"/>
						<line hits="0" number="303"/>
						<line hits="1" number="305"/>
						<line hits="1" number="306"/>
						<line hits="0" number="314"/>
						<line hits="1" number="316"/>
						<line hits="1" number="317"/>
						<line branch="true" condition-coverage="50% (1/2)" hits="1" missing-branches="exit" number="329"/>
						<line hits="1" number="330"/>
						<line hits="1" number="332"/>
						<line hits="1" number="334"/>
						<line branch="true" condition-coverage="100% (2/2)" hits="1" number="342"/>
						<line branch="true" condition-coverage="50% (1/2)" hits="1" missing-branches="344" number="343"/>
						<line hits="0" number="344"/>
						<line hits="1" number="346"/>
						<line hits="1" number="356"/>
						<line hits="1" number="357"/>
						<line hits="1" number="358"/>
						<line hits="1" number="359"/>
						<line hits="1" number="360"/>
						<line hits="1" number="361"/>
						<line hits="1" number="362"/>
						<line hits="1" number="363"/>
						<line hits="1" number="364"/>
						<line hits="1" number="365"/>
						<line hits="1" number="367"/>
						<line hits="1" number="376"/>
						<line hits="1" number="377"/>
						<line hits="1" number="378"/>
						<line hits="1" number="381"/>
						<line hits="1" number="382"/>
						<line hits="1" number="384"/>
						<line hits="1" number="397"/>
						<line hits="1" number="398"/>
						<line hits="1" number="399"/>
						<line hits="1" number="401"/>
						<line hits="1" number="402"/>
						<line branch="true" condition-coverage="100% (2/2)" hits="1" number="403"/>
						<line hits="1" number="404"/>
						<line branch="true" condition-coverage="100% (2/2)" hits="1" number="405"/>
						<line hits="1" number="406"/>
						<line branch="true" condition-coverage="50% (1/2)" hits="1" missing-branches="411" number="408"/>
						<line hits="1" number="409"/>
						<line branch="true" condition-coverage="0% (0/2)" hits="0" missing-branches="412,415" number="411"/>
						<line hits="0" number="412"/>
						<line hits="0" number="415"/>
						<line hits="0" number="416"/>
						<line hits="1" number="418"/>
						<line hits="1" number="449"/>
						<line hits="1" number="461"/>
						<line branch="true" condition-coverage="100% (2/2)" hits="1" number="463"/>
						<line hits="1" number="464"/>
						<line hits="1" number="465"/>
						<line hits="1" number="466"/>
						<line hits="1" number="470"/>
						<line branch="true" condition-coverage="100% (2/2)" hits="1" number="486"/>
						<line branch="true" condition-coverage="100% (2/2)" hits="1" number="488"/>
						<line hits="1" number="489"/>
						<line hits="1" number="492"/>
						<line hits="1" number="494"/>
						<line hits="1" number="495"/>
						<line hits="1" number="509"/>
						<line hits="1" number="511"/>
						<line hits="1" number="514"/>
						<line branch="true" condition-coverage="100% (2/2)" hits="1" number="516"/>
						<line branch="true" condition-coverage="100% (2/2)" hits="1" number="518"/>
						<line hits="1" number="520"/>
						<line branch="true" condition-coverage="100% (2/2)" hits="1" number="523"/>
						<line hits="1" number="525"/>
						<line hits="1" number="526"/>
						<line hits="1" number="529"/>
						<line hits="1" number="531"/>
						<line branch="true" condition-coverage="50% (1/2)" hits="1" missing-branches="516" number="536"/>
						<line hits="1" number="537"/>
						<line branch="true" condition-coverage="100% (2/2)" hits="1" number="540"/>
						<line hits="1" number="541"/>
						<line hits="1" number="542"/>
						<line hits="1" number="543"/>
						<line branch="true" condition-coverage="100% (2/2)" hits="1" number="545"/>
						<line hits="1" number="546"/>
						<line hits="1" number="547"/>
						<line hits="1" number="548"/>
						<line hits="1" number="550"/>
						<line hits="1" number="552"/>
						<line branch="true" condition-coverage="100% (2/2)" hits="1" number="554"/>
						<line hits="1" number="555"/>
						<line hits="1" number="557"/>
						<line branch="true" condition-coverage="50% (1/2)" hits="1" missing-branches="516" number="559"/>
						<line hits="1" number="560"/>
						<line hits="1" number="561"/>
						<line hits="1" number="563"/>
						<line branch="true" condition-coverage="100% (2/2)" hits="1" number="566"/>
						<line hits="1" number="567"/>
						<line hits="1" number="571"/>
						<line hits="1" number="572"/>
						<line hits="1" number="573"/>
						<line hits="1" number="576"/>
						<line hits="1" number="579"/>
						<line branch="true" condition-coverage="100% (2/2)" hits="1" number="581"/>
						<line hits="1" number="582"/>
						<line hits="1" number="583"/>
						<line hits="1" number="588"/>
						<line hits="1" number="590"/>
						<line hits="1" number="593"/>
						<line hits="1" number="601"/>
						<line branch="true" condition-coverage="100% (2/2)" hits="1" number="602"/>
						<line branch="true" condition-coverage="100% (2/2)" hits="1" number="603"/>
						<line branch="true" condition-coverage="100% (2/2)" hits="1" number="604"/>
						<line hits="1" number="605"/>
						<line hits="1" number="606"/>
					</lines>
				</class>
				<class branch-rate="0.875" complexity="0" filename="framework/services/search_file.py" line-rate="0.9091" name="search_file.py">
					<methods/>
					<lines>
						<line hits="1" number="6"/>
						<line hits="1" number="7"/>
						<line hits="1" number="9"/>
						<line hits="1" number="12"/>
						<line hits="1" number="14"/>
						<line hits="1" number="24"/>
						<line hits="1" number="25"/>
						<line hits="1" number="26"/>
						<line hits="1" number="27"/>
						<line hits="1" number="28"/>
						<line hits="1" number="30"/>
						<line hits="1" number="38"/>
						<line hits="1" number="39"/>
						<line hits="1" number="40"/>
						<line branch="true" condition-coverage="100% (2/2)" hits="1" number="41"/>
						<line branch="true" condition-coverage="100% (2/2)" hits="1" number="42"/>
						<line branch="true" condition-coverage="100% (2/2)" hits="1" number="43"/>
						<line branch="true" condition-coverage="50% (1/2)" hits="1" missing-branches="46" number="45"/>
						<line hits="0" number="46"/>
						<line hits="0" number="47"/>
						<line hits="1" number="49"/>
						<line hits="1" number="50"/>
					</lines>
				</class>
			</classes>
		</package>
		<package branch-rate="0.07353" complexity="0" line-rate="0.3216" name="framework.utils">
			<classes>
				<class branch-rate="1" complexity="0" filename="framework/utils/__init__.py" line-rate="1" name="__init__.py">
					<methods/>
					<lines/>
				</class>
				<class branch-rate="0.5" complexity="0" filename="framework/utils/check_env.py" line-rate="0.8571" name="check_env.py">
					<methods/>
					<lines>
						<line hits="1" number="5"/>
						<line hits="1" number="6"/>
						<line hits="1" number="7"/>
						<line hits="1" number="9"/>
						<line hits="1" number="12"/>
						<line hits="1" number="14"/>
						<line hits="1" number="19"/>
						<line hits="1" number="21"/>
						<line hits="1" number="28"/>
						<line hits="1" number="29"/>
						<line branch="true" condition-coverage="50% (1/2)" hits="1" missing-branches="34" number="31"/>
						<line hits="1" number="32"/>
						<line hits="0" number="34"/>
						<line hits="1" number="36"/>
						<line branch="true" condition-coverage="50% (1/2)" hits="1" missing-branches="41" number="38"/>
						<line hits="1" number="39"/>
						<line hits="0" number="41"/>
						<line hits="1" number="43"/>
						<line branch="true" condition-coverage="50% (1/2)" hits="1" missing-branches="47" number="44"/>
						<line hits="1" number="45"/>
						<line hits="0" number="47"/>
					</lines>
				</class>
				<class branch-rate="0.25" complexity="0" filename="framework/utils/decorators.py" line-rate="0.3023" name="decorators.py">
					<methods/>
					<lines>
						<line hits="1" number="20"/>
						<line hits="1" number="21"/>
						<line hits="1" number="24"/>
						<line hits="0" number="28"/>
						<line hits="0" number="30"/>
						<line hits="0" number="31"/>
						<line hits="0" number="32"/>
						<line hits="0" number="33"/>
						<line hits="0" number="34"/>
						<line hits="0" number="35"/>
						<line hits="0" number="36"/>
						<line hits="1" number="39"/>
						<line hits="0" number="43"/>
						<line branch="true" condition-coverage="0% (0/2)" hits="0" missing-branches="exit,46" number="45"/>
						<line branch="true" condition-coverage="0% (0/2)" hits="0" missing-branches="exit,47" number="46"/>
						<line hits="0" number="47"/>
						<line hits="0" number="48"/>
						<line hits="0" number="49"/>
						<line hits="0" number="50"/>
						<line hits="0" number="51"/>
						<line hits="0" number="52"/>
						<line hits="1" number="55"/>
						<line hits="1" number="59"/>
						<line branch="true" condition-coverage="100% (2/2)" hits="1" number="61"/>
						<line hits="1" number="62"/>
						<line hits="1" number="63"/>
						<line hits="1" number="64"/>
						<line hits="1" number="65"/>
						<line hits="1" number="68"/>
						<line hits="0" number="72"/>
						<line hits="0" number="74"/>
						<line hits="0" number="75"/>
						<line hits="0" number="76"/>
						<line hits="0" number="77"/>
						<line hits="0" number="78"/>
						<line hits="1" number="81"/>
						<line hits="0" number="85"/>
						<line hits="0" number="87"/>
						<line branch="true" condition-coverage="0% (0/2)" hits="0" missing-branches="89,90" number="88"/>
						<line hits="0" number="89"/>
						<line hits="0" number="90"/>
						<line hits="0" number="91"/>
						<line hits="0" number="92"/>
					</lines>
				</class>
				<class branch-rate="1" complexity="0" filename="framework/utils/generate_uuid.py" line-rate="1" name="generate_uuid.py">
					<methods/>
					<lines>
						<line hits="1" number="1"/>
						<line hits="1" number="2"/>
						<line hits="1" number="5"/>
						<line hits="1" number="7"/>
						<line hits="1" number="8"/>
						<line hits="1" number="9"/>
						<line hits="1" number="16"/>
					</lines>
				</class>
				<class branch-rate="0" complexity="0" filename="framework/utils/utils.py" line-rate="0.2031" name="utils.py">
					<methods/>
					<lines>
						<line hits="1" number="1"/>
						<line hits="1" number="2"/>
						<line hits="1" number="3"/>
						<line hits="1" number="4"/>
						<line hits="1" number="5"/>
						<line hits="1" number="7"/>
						<line hits="1" number="8"/>
						<line hits="1" number="11"/>
						<line hits="1" number="13"/>
						<line hits="1" number="18"/>
						<line hits="1" number="19"/>
						<line hits="1" number="20"/>
						<line hits="1" number="22"/>
						<line hits="1" number="23"/>
						<line hits="1" number="24"/>
						<line hits="1" number="25"/>
						<line hits="1" number="26"/>
						<line hits="1" number="28"/>
						<line hits="0" number="35"/>
						<line hits="0" number="36"/>
						<line branch="true" condition-coverage="0% (0/2)" hits="0" missing-branches="38,41" number="37"/>
						<line hits="0" number="38"/>
						<line hits="0" number="39"/>
						<line hits="0" number="40"/>
						<line hits="0" number="41"/>
						<line hits="0" number="42"/>
						<line hits="0" number="43"/>
						<line hits="1" number="45"/>
						<line hits="0" number="58"/>
						<line hits="0" number="59"/>
						<line hits="0" number="60"/>
						<line hits="0" number="61"/>
						<line hits="0" number="62"/>
						<line branch="true" condition-coverage="0% (0/2)" hits="0" missing-branches="64,65" number="63"/>
						<line hits="0" number="64"/>
						<line hits="0" number="65"/>
						<line hits="0" number="66"/>
						<line hits="0" number="67"/>
						<line hits="0" number="68"/>
						<line hits="0" number="69"/>
						<line hits="0" number="71"/>
						<line hits="1" number="73"/>
						<line hits="0" number="77"/>
						<line branch="true" condition-coverage="0% (0/2)" hits="0" missing-branches="79,87" number="78"/>
						<line hits="0" number="79"/>
						<line hits="0" number="80"/>
						<line hits="0" number="81"/>
						<line hits="0" number="82"/>
						<line hits="0" number="83"/>
						<line hits="0" number="84"/>
						<line hits="0" number="87"/>
						<line hits="0" number="88"/>
						<line hits="1" number="90"/>
						<line branch="true" condition-coverage="0% (0/2)" hits="0" missing-branches="exit,93" number="92"/>
						<line hits="0" number="93"/>
						<line hits="1" number="95"/>
						<line branch="true" condition-coverage="0% (0/2)" hits="0" missing-branches="101,102" number="100"/>
						<line hits="0" number="101"/>
						<line branch="true" condition-coverage="0% (0/2)" hits="0" missing-branches="103,108" number="102"/>
						<line hits="0" number="103"/>
						<line hits="0" number="104"/>
						<line hits="0" number="105"/>
						<line hits="0" number="106"/>
						<line hits="0" number="107"/>
						<line branch="true" condition-coverage="0% (0/2)" hits="0" missing-branches="109,114" number="108"/>
						<line hits="0" number="109"/>
						<line hits="0" number="110"/>
						<line hits="0" number="111"/>
						<line hits="0" number="112"/>
						<line hits="0" number="113"/>
						<line branch="true" condition-coverage="0% (0/2)" hits="0" missing-branches="115,122" number="114"/>
						<line hits="0" number="115"/>
						<line hits="0" number="116"/>
						<line branch="true" condition-coverage="0% (0/2)" hits="0" missing-branches="118,122" number="117"/>
						<line branch="true" condition-coverage="0% (0/2)" hits="0" missing-branches="119,122" number="118"/>
						<line hits="0" number="119"/>
						<line hits="0" number="120"/>
						<line hits="0" number="121"/>
						<line branch="true" condition-coverage="0% (0/2)" hits="0" missing-branches="exit,123" number="122"/>
						<line hits="0" number="123"/>
						<line hits="0" number="124"/>
						<line branch="true" condition-coverage="0% (0/2)" hits="0" missing-branches="exit,126" number="125"/>
						<line hits="0" number="126"/>
						<line hits="0" number="127"/>
						<line hits="0" number="128"/>
						<line hits="1" number="130"/>
						<line branch="true" condition-coverage="0% (0/2)" hits="0" missing-branches="exit,132" number="131"/>
						<line hits="0" number="132"/>
						<line hits="0" number="133"/>
						<line branch="true" condition-coverage="0% (0/2)" hits="0" missing-branches="exit,135" number="134"/>
						<line hits="0" number="135"/>
						<line hits="0" number="136"/>
						<line hits="0" number="137"/>
						<line hits="1" number="139"/>
						<line hits="0" number="145"/>
						<line branch="true" condition-coverage="0% (0/2)" hits="0" missing-branches="147,148" number="146"/>
						<line hits="0" number="147"/>
						<line hits="0" number="148"/>
						<line hits="1" number="150"/>
						<line hits="0" number="152"/>
						<line hits="0" number="154"/>
						<line branch="true" condition-coverage="0% (0/2)" hits="0" missing-branches="160,165" number="159"/>
						<line branch="true" condition-coverage="0% (0/2)" hits="0" missing-branches="161,168" number="160"/>
						<line branch="true" condition-coverage="0% (0/2)" hits="0" missing-branches="162,163" number="161"/>
						<line hits="0" number="162"/>
						<line branch="true" condition-coverage="0% (0/2)" hits="0" missing-branches="160,164" number="163"/>
						<line hits="0" number="164"/>
						<line branch="true" condition-coverage="0% (0/2)" hits="0" missing-branches="166,168" number="165"/>
						<line branch="true" condition-coverage="0% (0/2)" hits="0" missing-branches="167,168" number="166"/>
						<line hits="0" number="167"/>
						<line hits="0" number="168"/>
						<line hits="0" number="170"/>
						<line hits="0" number="171"/>
						<line hits="1" number="173"/>
						<line hits="0" number="175"/>
						<line hits="0" number="177"/>
						<line branch="true" condition-coverage="0% (0/2)" hits="0" missing-branches="183,188" number="182"/>
						<line branch="true" condition-coverage="0% (0/2)" hits="0" missing-branches="184,191" number="183"/>
						<line branch="true" condition-coverage="0% (0/2)" hits="0" missing-branches="185,186" number="184"/>
						<line hits="0" number="185"/>
						<line branch="true" condition-coverage="0% (0/2)" hits="0" missing-branches="183,187" number="186"/>
						<line hits="0" number="187"/>
						<line branch="true" condition-coverage="0% (0/2)" hits="0" missing-branches="189,191" number="188"/>
						<line branch="true" condition-coverage="0% (0/2)" hits="0" missing-branches="190,191" number="189"/>
						<line hits="0" number="190"/>
						<line hits="0" number="191"/>
						<line hits="0" number="193"/>
						<line hits="0" number="194"/>
					</lines>
				</class>
			</classes>
		</package>
	</packages>
</coverage>
