[2020-11-10 19:04:30,567] [INFO] [base._load_session] -> No session loaded
[2020-11-10 19:04:30,579] [DEBUG] [graph.hash] -> hash of template Api is -7030845195465613769
[2020-11-10 19:04:30,580] [DEBUG] [graph.hash] -> hash of model is 6522755142093849356
[2020-11-10 19:04:30,606] [INFO] [base._start_message] -> 
                 --------------------------------------------------
                 Starting fuzzing session
                 Target: ProtobufTarget
                 UI: WebInterface listening on 127.0.0.1:26001
                 Log: ./kittylogs/kitty_20201110-190426.log

                 Total possible mutation count: 9653
                 --------------------------------------------------
                                 Happy hacking
                 --------------------------------------------------
            
[2020-11-10 19:04:30,610] [INFO] [protobuf_controller.setup] -> Check the victim is alive!
[2020-11-10 19:04:30,612] [INFO] [base.start] -> Performing environment test
[2020-11-10 19:04:30,661] [INFO] [base._test_info] -> Current test: -1
[2020-11-10 19:04:30,662] [DEBUG] [base._test_info] -> ----------------------------------------------
[2020-11-10 19:04:30,665] [DEBUG] [base._test_info] -> ----------------------------------------------
[2020-11-10 19:04:30,677] [INFO] [protobuf_target.transmit] -> request(5022): 7b2252657175657374223a7b22737461747573223a2231222c2270726976617465223a223135222c226964223a223135222c ...
[2020-11-10 19:04:30,678] [DEBUG] [protobuf_target.transmit] -> payload b'{"Request":{"status":"1","private":"15","id":"15","accessToken":"0xd","queryActivities":{"bikeQuery":[{"athlete":{"id":1395017560,"user":{"userName":"s5hh3va0gjqpu","firstName":"ps1woucyp5vhx059d","lastName":"1oczms0ifb1j"},"bikes":[{"bikeBrand":"1","bikeName":"po5rr9fm"}],"shoes":[{"shoeBrand":"1","shoeName":"zc1020ytpr0w827c"}],"weight":2712872123,"age":349255957},"segment":[{"segId":4099905807,"name":"4vatsw5xqti6pye6fa9","route":{"elevation":1145223507,"place":[{"country":"48i1t2","city":"62kbftc5w8ir7p12sqw","distance":3124284696}],"map":{"startAtLong":"iar4ttvyqf","endAtLong":"8f8d0cdsim1j8cyu6g","height":1748992138,"category":"1"}},"elevHigh":3392249624,"elevLow":1768611931,"hearthData":{"averageHearthRate":1311383764,"minHearthRate":1729344168,"maxHearthRate":3183127692}}]}],"swimQuery":[{"athlete":{"id":3995300670,"user":{"userName":"fyv8r0","firstName":"ntcw6m3m66nd2t9vo8u","lastName":"7wvdnyli4fe0"},"bikes":[{"bikeBrand":"1","bikeName":"uxr3r"}],"shoes":[{"shoeBrand":"1","shoeName":"2tzrm"}],"weight":346433409,"age":4190470201},"segment":[{"segId":4273429407,"name":"5yhfcn69xjz4zarhzas","hearthData":{"averageHearthRate":1036985087,"minHearthRate":357095933,"maxHearthRate":3977153503}}]}],"runQuery":[{"athlete":{"id":2494799655,"user":{"userName":"r58aqr6n","firstName":"ujqavyy00fhm","lastName":"uqummslw5k"},"bikes":[{"bikeBrand":"1","bikeName":"ah7it3rgggpxw50"}],"shoes":[{"shoeBrand":"1","shoeName":"gu1vv"}],"weight":312461109,"age":2260517418},"segment":[{"segId":3462176999,"name":"fzzuvbr7l0zkxpl742tt","route":{"elevation":1551422023,"place":[{"country":"bpnorzg","city":"o44ecunupp8","distance":2548013318}],"map":{"startAtLong":"wrq035i826w9b","endAtLong":"8aine","height":1334620248,"category":"1"}},"elevHigh":425062575,"elevLow":509129808,"hearthData":{"averageHearthRate":50284837,"minHearthRate":3999596997,"maxHearthRate":1930903635}}]}],"skiQuery":[{"athlete":{"id":3327385391,"user":{"userName":"r8x6hy","firstName":"ap1c791m","lastName":"8ks0yqbg"},"bikes":[{"bikeBrand":"1","bikeName":"6vhjv0ddk1yn9hh"}],"shoes":[{"shoeBrand":"1","shoeName":"1xcgxgq87m3w"}],"weight":2816947185,"age":2170118290},"segment":[{"segId":3015115802,"name":"4bqb6w97tgbky3","route":{"elevation":1457364392,"place":[{"country":"sweauhkq3odp","city":"bf1vwvo6nw5tr","distance":980419701}],"map":{"startAtLong":"4mcu40","endAtLong":"4a82w5","height":530972040,"category":"1"}},"elevHigh":1584828898,"elevLow":2928084382,"hearthData":{"averageHearthRate":1936346480,"minHearthRate":4258723058,"maxHearthRate":279018816}}]}]},"date":{"bikeQuery":[{"athlete":{"id":1395017560,"user":{"userName":"s5hh3va0gjqpu","firstName":"ps1woucyp5vhx059d","lastName":"1oczms0ifb1j"},"bikes":[{"bikeBrand":"1","bikeName":"po5rr9fm"}],"shoes":[{"shoeBrand":"1","shoeName":"zc1020ytpr0w827c"}],"weight":2712872123,"age":349255957},"segment":[{"segId":4099905807,"name":"4vatsw5xqti6pye6fa9","route":{"elevation":1145223507,"place":[{"country":"48i1t2","city":"62kbftc5w8ir7p12sqw","distance":3124284696}],"map":{"startAtLong":"iar4ttvyqf","endAtLong":"8f8d0cdsim1j8cyu6g","height":1748992138,"category":"1"}},"elevHigh":3392249624,"elevLow":1768611931,"hearthData":{"averageHearthRate":1311383764,"minHearthRate":1729344168,"maxHearthRate":3183127692}}]}],"swimQuery":[{"athlete":{"id":3995300670,"user":{"userName":"fyv8r0","firstName":"ntcw6m3m66nd2t9vo8u","lastName":"7wvdnyli4fe0"},"bikes":[{"bikeBrand":"1","bikeName":"uxr3r"}],"shoes":[{"shoeBrand":"1","shoeName":"2tzrm"}],"weight":346433409,"age":4190470201},"segment":[{"segId":4273429407,"name":"5yhfcn69xjz4zarhzas","hearthData":{"averageHearthRate":1036985087,"minHearthRate":357095933,"maxHearthRate":3977153503}}]}],"runQuery":[{"athlete":{"id":2494799655,"user":{"userName":"r58aqr6n","firstName":"ujqavyy00fhm","lastName":"uqummslw5k"},"bikes":[{"bikeBrand":"1","bikeName":"ah7it3rgggpxw50"}],"shoes":[{"shoeBrand":"1","shoeName":"gu1vv"}],"weight":312461109,"age":2260517418},"segment":[{"segId":3462176999,"name":"fzzuvbr7l0zkxpl742tt","route":{"elevation":1551422023,"place":[{"country":"bpnorzg","city":"o44ecunupp8","distance":2548013318}],"map":{"startAtLong":"wrq035i826w9b","endAtLong":"8aine","height":1334620248,"category":"1"}},"elevHigh":425062575,"elevLow":509129808,"hearthData":{"averageHearthRate":50284837,"minHearthRate":3999596997,"maxHearthRate":1930903635}}]}],"skiQuery":[{"athlete":{"id":3327385391,"user":{"userName":"r8x6hy","firstName":"ap1c791m","lastName":"8ks0yqbg"},"bikes":[{"bikeBrand":"1","bikeName":"6vhjv0ddk1yn9hh"}],"shoes":[{"shoeBrand":"1","shoeName":"1xcgxgq87m3w"}],"weight":2816947185,"age":2170118290},"segment":[{"segId":3015115802,"name":"4bqb6w97tgbky3","route":{"elevation":1457364392,"place":[{"country":"sweauhkq3odp","city":"bf1vwvo6nw5tr","distance":980419701}],"map":{"startAtLong":"4mcu40","endAtLong":"4a82w5","height":530972040,"category":"1"}},"elevHigh":1584828898,"elevLow":2928084382,"hearthData":{"averageHearthRate":1936346480,"minHearthRate":4258723058,"maxHearthRate":279018816}}]}]}}}'
[2020-11-10 19:04:30,694] [ERROR] [protobuf_target.transmit] -> target.transmit - failure in send (exception: Failed to parse date field: int() argument must be a string, a bytes-like object or a number, not 'dict'.)
[2020-11-10 19:04:30,732] [ERROR] [protobuf_target.transmit] -> Traceback (most recent call last):
  File "/Users/balazsattila/Env/fuzz_framework/.venv/lib/python3.8/site-packages/google/protobuf/json_format.py", line 589, in _ConvertFieldValuePair
    setattr(message, field.name, _ConvertScalarFieldValue(value, field))
  File "/Users/balazsattila/Env/fuzz_framework/.venv/lib/python3.8/site-packages/google/protobuf/json_format.py", line 720, in _ConvertScalarFieldValue
    return _ConvertInteger(value)
  File "/Users/balazsattila/Env/fuzz_framework/.venv/lib/python3.8/site-packages/google/protobuf/json_format.py", line 781, in _ConvertInteger
    return int(value)
TypeError: int() argument must be a string, a bytes-like object or a number, not 'dict'

During handling of the above exception, another exception occurred:

Traceback (most recent call last):
  File "/Users/balazsattila/Env/fuzzer_framework/framework/targets/protobuf_target.py", line 246, in transmit
    self._send_to_target(payload)
  File "/Users/balazsattila/Env/fuzzer_framework/framework/targets/protobuf_target.py", line 133, in _send_to_target
    proto_payload = self._construct_message(data, self.pb2_module)
  File "/Users/balazsattila/Env/fuzzer_framework/framework/targets/protobuf_target.py", line 106, in _construct_message
    msg = json_format.ParseDict(val, module_to_put_into())
  File "/Users/balazsattila/Env/fuzz_framework/.venv/lib/python3.8/site-packages/google/protobuf/json_format.py", line 452, in ParseDict
    parser.ConvertMessage(js_dict, message)
  File "/Users/balazsattila/Env/fuzz_framework/.venv/lib/python3.8/site-packages/google/protobuf/json_format.py", line 483, in ConvertMessage
    self._ConvertFieldValuePair(value, message)
  File "/Users/balazsattila/Env/fuzz_framework/.venv/lib/python3.8/site-packages/google/protobuf/json_format.py", line 598, in _ConvertFieldValuePair
    raise ParseError('Failed to parse {0} field: {1}.'.format(name, e))
google.protobuf.json_format.ParseError: Failed to parse date field: int() argument must be a string, a bytes-like object or a number, not 'dict'.

[2020-11-10 19:04:30,739] [INFO] [server._start] -> should keep running? True
[2020-11-10 19:04:30,862] [INFO] [base._test_info] -> Current test: 0
[2020-11-10 19:04:30,863] [DEBUG] [base._test_info] -> ----------------------------------------------
[2020-11-10 19:04:30,863] [DEBUG] [base._test_info] -> ----------------------------------------------
[2020-11-10 19:04:30,925] [INFO] [protobuf_target.transmit] -> request(5025): 7b2252657175657374223a7b22737461747573223a2231222c2270726976617465223a223135222c226964223a223135222c ...
[2020-11-10 19:04:30,925] [DEBUG] [protobuf_target.transmit] -> payload b'{"Request":{"status":"1","private":"15","id":"15","accessToken":"0xd0xd","queryActivities":{"bikeQuery":[{"athlete":{"id":1395017560,"user":{"userName":"s5hh3va0gjqpu","firstName":"ps1woucyp5vhx059d","lastName":"1oczms0ifb1j"},"bikes":[{"bikeBrand":"1","bikeName":"po5rr9fm"}],"shoes":[{"shoeBrand":"1","shoeName":"zc1020ytpr0w827c"}],"weight":2712872123,"age":349255957},"segment":[{"segId":4099905807,"name":"4vatsw5xqti6pye6fa9","route":{"elevation":1145223507,"place":[{"country":"48i1t2","city":"62kbftc5w8ir7p12sqw","distance":3124284696}],"map":{"startAtLong":"iar4ttvyqf","endAtLong":"8f8d0cdsim1j8cyu6g","height":1748992138,"category":"1"}},"elevHigh":3392249624,"elevLow":1768611931,"hearthData":{"averageHearthRate":1311383764,"minHearthRate":1729344168,"maxHearthRate":3183127692}}]}],"swimQuery":[{"athlete":{"id":3995300670,"user":{"userName":"fyv8r0","firstName":"ntcw6m3m66nd2t9vo8u","lastName":"7wvdnyli4fe0"},"bikes":[{"bikeBrand":"1","bikeName":"uxr3r"}],"shoes":[{"shoeBrand":"1","shoeName":"2tzrm"}],"weight":346433409,"age":4190470201},"segment":[{"segId":4273429407,"name":"5yhfcn69xjz4zarhzas","hearthData":{"averageHearthRate":1036985087,"minHearthRate":357095933,"maxHearthRate":3977153503}}]}],"runQuery":[{"athlete":{"id":2494799655,"user":{"userName":"r58aqr6n","firstName":"ujqavyy00fhm","lastName":"uqummslw5k"},"bikes":[{"bikeBrand":"1","bikeName":"ah7it3rgggpxw50"}],"shoes":[{"shoeBrand":"1","shoeName":"gu1vv"}],"weight":312461109,"age":2260517418},"segment":[{"segId":3462176999,"name":"fzzuvbr7l0zkxpl742tt","route":{"elevation":1551422023,"place":[{"country":"bpnorzg","city":"o44ecunupp8","distance":2548013318}],"map":{"startAtLong":"wrq035i826w9b","endAtLong":"8aine","height":1334620248,"category":"1"}},"elevHigh":425062575,"elevLow":509129808,"hearthData":{"averageHearthRate":50284837,"minHearthRate":3999596997,"maxHearthRate":1930903635}}]}],"skiQuery":[{"athlete":{"id":3327385391,"user":{"userName":"r8x6hy","firstName":"ap1c791m","lastName":"8ks0yqbg"},"bikes":[{"bikeBrand":"1","bikeName":"6vhjv0ddk1yn9hh"}],"shoes":[{"shoeBrand":"1","shoeName":"1xcgxgq87m3w"}],"weight":2816947185,"age":2170118290},"segment":[{"segId":3015115802,"name":"4bqb6w97tgbky3","route":{"elevation":1457364392,"place":[{"country":"sweauhkq3odp","city":"bf1vwvo6nw5tr","distance":980419701}],"map":{"startAtLong":"4mcu40","endAtLong":"4a82w5","height":530972040,"category":"1"}},"elevHigh":1584828898,"elevLow":2928084382,"hearthData":{"averageHearthRate":1936346480,"minHearthRate":4258723058,"maxHearthRate":279018816}}]}]},"date":{"bikeQuery":[{"athlete":{"id":1395017560,"user":{"userName":"s5hh3va0gjqpu","firstName":"ps1woucyp5vhx059d","lastName":"1oczms0ifb1j"},"bikes":[{"bikeBrand":"1","bikeName":"po5rr9fm"}],"shoes":[{"shoeBrand":"1","shoeName":"zc1020ytpr0w827c"}],"weight":2712872123,"age":349255957},"segment":[{"segId":4099905807,"name":"4vatsw5xqti6pye6fa9","route":{"elevation":1145223507,"place":[{"country":"48i1t2","city":"62kbftc5w8ir7p12sqw","distance":3124284696}],"map":{"startAtLong":"iar4ttvyqf","endAtLong":"8f8d0cdsim1j8cyu6g","height":1748992138,"category":"1"}},"elevHigh":3392249624,"elevLow":1768611931,"hearthData":{"averageHearthRate":1311383764,"minHearthRate":1729344168,"maxHearthRate":3183127692}}]}],"swimQuery":[{"athlete":{"id":3995300670,"user":{"userName":"fyv8r0","firstName":"ntcw6m3m66nd2t9vo8u","lastName":"7wvdnyli4fe0"},"bikes":[{"bikeBrand":"1","bikeName":"uxr3r"}],"shoes":[{"shoeBrand":"1","shoeName":"2tzrm"}],"weight":346433409,"age":4190470201},"segment":[{"segId":4273429407,"name":"5yhfcn69xjz4zarhzas","hearthData":{"averageHearthRate":1036985087,"minHearthRate":357095933,"maxHearthRate":3977153503}}]}],"runQuery":[{"athlete":{"id":2494799655,"user":{"userName":"r58aqr6n","firstName":"ujqavyy00fhm","lastName":"uqummslw5k"},"bikes":[{"bikeBrand":"1","bikeName":"ah7it3rgggpxw50"}],"shoes":[{"shoeBrand":"1","shoeName":"gu1vv"}],"weight":312461109,"age":2260517418},"segment":[{"segId":3462176999,"name":"fzzuvbr7l0zkxpl742tt","route":{"elevation":1551422023,"place":[{"country":"bpnorzg","city":"o44ecunupp8","distance":2548013318}],"map":{"startAtLong":"wrq035i826w9b","endAtLong":"8aine","height":1334620248,"category":"1"}},"elevHigh":425062575,"elevLow":509129808,"hearthData":{"averageHearthRate":50284837,"minHearthRate":3999596997,"maxHearthRate":1930903635}}]}],"skiQuery":[{"athlete":{"id":3327385391,"user":{"userName":"r8x6hy","firstName":"ap1c791m","lastName":"8ks0yqbg"},"bikes":[{"bikeBrand":"1","bikeName":"6vhjv0ddk1yn9hh"}],"shoes":[{"shoeBrand":"1","shoeName":"1xcgxgq87m3w"}],"weight":2816947185,"age":2170118290},"segment":[{"segId":3015115802,"name":"4bqb6w97tgbky3","route":{"elevation":1457364392,"place":[{"country":"sweauhkq3odp","city":"bf1vwvo6nw5tr","distance":980419701}],"map":{"startAtLong":"4mcu40","endAtLong":"4a82w5","height":530972040,"category":"1"}},"elevHigh":1584828898,"elevLow":2928084382,"hearthData":{"averageHearthRate":1936346480,"minHearthRate":4258723058,"maxHearthRate":279018816}}]}]}}}'
[2020-11-10 19:04:30,928] [ERROR] [protobuf_target.transmit] -> target.transmit - failure in send (exception: Failed to parse date field: int() argument must be a string, a bytes-like object or a number, not 'dict'.)
[2020-11-10 19:04:30,974] [ERROR] [protobuf_target.transmit] -> Traceback (most recent call last):
  File "/Users/balazsattila/Env/fuzz_framework/.venv/lib/python3.8/site-packages/google/protobuf/json_format.py", line 589, in _ConvertFieldValuePair
    setattr(message, field.name, _ConvertScalarFieldValue(value, field))
  File "/Users/balazsattila/Env/fuzz_framework/.venv/lib/python3.8/site-packages/google/protobuf/json_format.py", line 720, in _ConvertScalarFieldValue
    return _ConvertInteger(value)
  File "/Users/balazsattila/Env/fuzz_framework/.venv/lib/python3.8/site-packages/google/protobuf/json_format.py", line 781, in _ConvertInteger
    return int(value)
TypeError: int() argument must be a string, a bytes-like object or a number, not 'dict'

During handling of the above exception, another exception occurred:

Traceback (most recent call last):
  File "/Users/balazsattila/Env/fuzzer_framework/framework/targets/protobuf_target.py", line 246, in transmit
    self._send_to_target(payload)
  File "/Users/balazsattila/Env/fuzzer_framework/framework/targets/protobuf_target.py", line 133, in _send_to_target
    proto_payload = self._construct_message(data, self.pb2_module)
  File "/Users/balazsattila/Env/fuzzer_framework/framework/targets/protobuf_target.py", line 106, in _construct_message
    msg = json_format.ParseDict(val, module_to_put_into())
  File "/Users/balazsattila/Env/fuzz_framework/.venv/lib/python3.8/site-packages/google/protobuf/json_format.py", line 452, in ParseDict
    parser.ConvertMessage(js_dict, message)
  File "/Users/balazsattila/Env/fuzz_framework/.venv/lib/python3.8/site-packages/google/protobuf/json_format.py", line 483, in ConvertMessage
    self._ConvertFieldValuePair(value, message)
  File "/Users/balazsattila/Env/fuzz_framework/.venv/lib/python3.8/site-packages/google/protobuf/json_format.py", line 598, in _ConvertFieldValuePair
    raise ParseError('Failed to parse {0} field: {1}.'.format(name, e))
google.protobuf.json_format.ParseError: Failed to parse date field: int() argument must be a string, a bytes-like object or a number, not 'dict'.

[2020-11-10 19:04:31,096] [INFO] [base._test_info] -> Current test: 1
[2020-11-10 19:04:31,097] [DEBUG] [base._test_info] -> ----------------------------------------------
[2020-11-10 19:04:31,098] [DEBUG] [base._test_info] -> ----------------------------------------------
[2020-11-10 19:04:31,138] [INFO] [protobuf_target.transmit] -> request(5049): 7b2252657175657374223a7b22737461747573223a2231222c2270726976617465223a223135222c226964223a223135222c ...
[2020-11-10 19:04:31,138] [DEBUG] [protobuf_target.transmit] -> payload b'{"Request":{"status":"1","private":"15","id":"15","accessToken":"0xd0xd0xd0xd0xd0xd0xd0xd0xd0xd","queryActivities":{"bikeQuery":[{"athlete":{"id":1395017560,"user":{"userName":"s5hh3va0gjqpu","firstName":"ps1woucyp5vhx059d","lastName":"1oczms0ifb1j"},"bikes":[{"bikeBrand":"1","bikeName":"po5rr9fm"}],"shoes":[{"shoeBrand":"1","shoeName":"zc1020ytpr0w827c"}],"weight":2712872123,"age":349255957},"segment":[{"segId":4099905807,"name":"4vatsw5xqti6pye6fa9","route":{"elevation":1145223507,"place":[{"country":"48i1t2","city":"62kbftc5w8ir7p12sqw","distance":3124284696}],"map":{"startAtLong":"iar4ttvyqf","endAtLong":"8f8d0cdsim1j8cyu6g","height":1748992138,"category":"1"}},"elevHigh":3392249624,"elevLow":1768611931,"hearthData":{"averageHearthRate":1311383764,"minHearthRate":1729344168,"maxHearthRate":3183127692}}]}],"swimQuery":[{"athlete":{"id":3995300670,"user":{"userName":"fyv8r0","firstName":"ntcw6m3m66nd2t9vo8u","lastName":"7wvdnyli4fe0"},"bikes":[{"bikeBrand":"1","bikeName":"uxr3r"}],"shoes":[{"shoeBrand":"1","shoeName":"2tzrm"}],"weight":346433409,"age":4190470201},"segment":[{"segId":4273429407,"name":"5yhfcn69xjz4zarhzas","hearthData":{"averageHearthRate":1036985087,"minHearthRate":357095933,"maxHearthRate":3977153503}}]}],"runQuery":[{"athlete":{"id":2494799655,"user":{"userName":"r58aqr6n","firstName":"ujqavyy00fhm","lastName":"uqummslw5k"},"bikes":[{"bikeBrand":"1","bikeName":"ah7it3rgggpxw50"}],"shoes":[{"shoeBrand":"1","shoeName":"gu1vv"}],"weight":312461109,"age":2260517418},"segment":[{"segId":3462176999,"name":"fzzuvbr7l0zkxpl742tt","route":{"elevation":1551422023,"place":[{"country":"bpnorzg","city":"o44ecunupp8","distance":2548013318}],"map":{"startAtLong":"wrq035i826w9b","endAtLong":"8aine","height":1334620248,"category":"1"}},"elevHigh":425062575,"elevLow":509129808,"hearthData":{"averageHearthRate":50284837,"minHearthRate":3999596997,"maxHearthRate":1930903635}}]}],"skiQuery":[{"athlete":{"id":3327385391,"user":{"userName":"r8x6hy","firstName":"ap1c791m","lastName":"8ks0yqbg"},"bikes":[{"bikeBrand":"1","bikeName":"6vhjv0ddk1yn9hh"}],"shoes":[{"shoeBrand":"1","shoeName":"1xcgxgq87m3w"}],"weight":2816947185,"age":2170118290},"segment":[{"segId":3015115802,"name":"4bqb6w97tgbky3","route":{"elevation":1457364392,"place":[{"country":"sweauhkq3odp","city":"bf1vwvo6nw5tr","distance":980419701}],"map":{"startAtLong":"4mcu40","endAtLong":"4a82w5","height":530972040,"category":"1"}},"elevHigh":1584828898,"elevLow":2928084382,"hearthData":{"averageHearthRate":1936346480,"minHearthRate":4258723058,"maxHearthRate":279018816}}]}]},"date":{"bikeQuery":[{"athlete":{"id":1395017560,"user":{"userName":"s5hh3va0gjqpu","firstName":"ps1woucyp5vhx059d","lastName":"1oczms0ifb1j"},"bikes":[{"bikeBrand":"1","bikeName":"po5rr9fm"}],"shoes":[{"shoeBrand":"1","shoeName":"zc1020ytpr0w827c"}],"weight":2712872123,"age":349255957},"segment":[{"segId":4099905807,"name":"4vatsw5xqti6pye6fa9","route":{"elevation":1145223507,"place":[{"country":"48i1t2","city":"62kbftc5w8ir7p12sqw","distance":3124284696}],"map":{"startAtLong":"iar4ttvyqf","endAtLong":"8f8d0cdsim1j8cyu6g","height":1748992138,"category":"1"}},"elevHigh":3392249624,"elevLow":1768611931,"hearthData":{"averageHearthRate":1311383764,"minHearthRate":1729344168,"maxHearthRate":3183127692}}]}],"swimQuery":[{"athlete":{"id":3995300670,"user":{"userName":"fyv8r0","firstName":"ntcw6m3m66nd2t9vo8u","lastName":"7wvdnyli4fe0"},"bikes":[{"bikeBrand":"1","bikeName":"uxr3r"}],"shoes":[{"shoeBrand":"1","shoeName":"2tzrm"}],"weight":346433409,"age":4190470201},"segment":[{"segId":4273429407,"name":"5yhfcn69xjz4zarhzas","hearthData":{"averageHearthRate":1036985087,"minHearthRate":357095933,"maxHearthRate":3977153503}}]}],"runQuery":[{"athlete":{"id":2494799655,"user":{"userName":"r58aqr6n","firstName":"ujqavyy00fhm","lastName":"uqummslw5k"},"bikes":[{"bikeBrand":"1","bikeName":"ah7it3rgggpxw50"}],"shoes":[{"shoeBrand":"1","shoeName":"gu1vv"}],"weight":312461109,"age":2260517418},"segment":[{"segId":3462176999,"name":"fzzuvbr7l0zkxpl742tt","route":{"elevation":1551422023,"place":[{"country":"bpnorzg","city":"o44ecunupp8","distance":2548013318}],"map":{"startAtLong":"wrq035i826w9b","endAtLong":"8aine","height":1334620248,"category":"1"}},"elevHigh":425062575,"elevLow":509129808,"hearthData":{"averageHearthRate":50284837,"minHearthRate":3999596997,"maxHearthRate":1930903635}}]}],"skiQuery":[{"athlete":{"id":3327385391,"user":{"userName":"r8x6hy","firstName":"ap1c791m","lastName":"8ks0yqbg"},"bikes":[{"bikeBrand":"1","bikeName":"6vhjv0ddk1yn9hh"}],"shoes":[{"shoeBrand":"1","shoeName":"1xcgxgq87m3w"}],"weight":2816947185,"age":2170118290},"segment":[{"segId":3015115802,"name":"4bqb6w97tgbky3","route":{"elevation":1457364392,"place":[{"country":"sweauhkq3odp","city":"bf1vwvo6nw5tr","distance":980419701}],"map":{"startAtLong":"4mcu40","endAtLong":"4a82w5","height":530972040,"category":"1"}},"elevHigh":1584828898,"elevLow":2928084382,"hearthData":{"averageHearthRate":1936346480,"minHearthRate":4258723058,"maxHearthRate":279018816}}]}]}}}'
[2020-11-10 19:04:31,150] [ERROR] [protobuf_target.transmit] -> target.transmit - failure in send (exception: Failed to parse date field: int() argument must be a string, a bytes-like object or a number, not 'dict'.)
[2020-11-10 19:04:31,215] [ERROR] [protobuf_target.transmit] -> Traceback (most recent call last):
  File "/Users/balazsattila/Env/fuzz_framework/.venv/lib/python3.8/site-packages/google/protobuf/json_format.py", line 589, in _ConvertFieldValuePair
    setattr(message, field.name, _ConvertScalarFieldValue(value, field))
  File "/Users/balazsattila/Env/fuzz_framework/.venv/lib/python3.8/site-packages/google/protobuf/json_format.py", line 720, in _ConvertScalarFieldValue
    return _ConvertInteger(value)
  File "/Users/balazsattila/Env/fuzz_framework/.venv/lib/python3.8/site-packages/google/protobuf/json_format.py", line 781, in _ConvertInteger
    return int(value)
TypeError: int() argument must be a string, a bytes-like object or a number, not 'dict'

During handling of the above exception, another exception occurred:

Traceback (most recent call last):
  File "/Users/balazsattila/Env/fuzzer_framework/framework/targets/protobuf_target.py", line 246, in transmit
    self._send_to_target(payload)
  File "/Users/balazsattila/Env/fuzzer_framework/framework/targets/protobuf_target.py", line 133, in _send_to_target
    proto_payload = self._construct_message(data, self.pb2_module)
  File "/Users/balazsattila/Env/fuzzer_framework/framework/targets/protobuf_target.py", line 106, in _construct_message
    msg = json_format.ParseDict(val, module_to_put_into())
  File "/Users/balazsattila/Env/fuzz_framework/.venv/lib/python3.8/site-packages/google/protobuf/json_format.py", line 452, in ParseDict
    parser.ConvertMessage(js_dict, message)
  File "/Users/balazsattila/Env/fuzz_framework/.venv/lib/python3.8/site-packages/google/protobuf/json_format.py", line 483, in ConvertMessage
    self._ConvertFieldValuePair(value, message)
  File "/Users/balazsattila/Env/fuzz_framework/.venv/lib/python3.8/site-packages/google/protobuf/json_format.py", line 598, in _ConvertFieldValuePair
    raise ParseError('Failed to parse {0} field: {1}.'.format(name, e))
google.protobuf.json_format.ParseError: Failed to parse date field: int() argument must be a string, a bytes-like object or a number, not 'dict'.

[2020-11-10 19:04:31,298] [INFO] [base._test_info] -> Current test: 2
[2020-11-10 19:04:31,298] [DEBUG] [base._test_info] -> ----------------------------------------------
[2020-11-10 19:04:31,299] [DEBUG] [base._test_info] -> ----------------------------------------------
[2020-11-10 19:04:31,326] [INFO] [protobuf_target.transmit] -> request(5319): 7b2252657175657374223a7b22737461747573223a2231222c2270726976617465223a223135222c226964223a223135222c ...
[2020-11-10 19:04:31,327] [DEBUG] [protobuf_target.transmit] -> payload b'{"Request":{"status":"1","private":"15","id":"15","accessToken":"0xd0xd0xd0xd0xd0xd0xd0xd0xd0xd0xd0xd0xd0xd0xd0xd0xd0xd0xd0xd0xd0xd0xd0xd0xd0xd0xd0xd0xd0xd0xd0xd0xd0xd0xd0xd0xd0xd0xd0xd0xd0xd0xd0xd0xd0xd0xd0xd0xd0xd0xd0xd0xd0xd0xd0xd0xd0xd0xd0xd0xd0xd0xd0xd0xd0xd0xd0xd0xd0xd0xd0xd0xd0xd0xd0xd0xd0xd0xd0xd0xd0xd0xd0xd0xd0xd0xd0xd0xd0xd0xd0xd0xd0xd0xd0xd0xd0xd0xd0xd","queryActivities":{"bikeQuery":[{"athlete":{"id":1395017560,"user":{"userName":"s5hh3va0gjqpu","firstName":"ps1woucyp5vhx059d","lastName":"1oczms0ifb1j"},"bikes":[{"bikeBrand":"1","bikeName":"po5rr9fm"}],"shoes":[{"shoeBrand":"1","shoeName":"zc1020ytpr0w827c"}],"weight":2712872123,"age":349255957},"segment":[{"segId":4099905807,"name":"4vatsw5xqti6pye6fa9","route":{"elevation":1145223507,"place":[{"country":"48i1t2","city":"62kbftc5w8ir7p12sqw","distance":3124284696}],"map":{"startAtLong":"iar4ttvyqf","endAtLong":"8f8d0cdsim1j8cyu6g","height":1748992138,"category":"1"}},"elevHigh":3392249624,"elevLow":1768611931,"hearthData":{"averageHearthRate":1311383764,"minHearthRate":1729344168,"maxHearthRate":3183127692}}]}],"swimQuery":[{"athlete":{"id":3995300670,"user":{"userName":"fyv8r0","firstName":"ntcw6m3m66nd2t9vo8u","lastName":"7wvdnyli4fe0"},"bikes":[{"bikeBrand":"1","bikeName":"uxr3r"}],"shoes":[{"shoeBrand":"1","shoeName":"2tzrm"}],"weight":346433409,"age":4190470201},"segment":[{"segId":4273429407,"name":"5yhfcn69xjz4zarhzas","hearthData":{"averageHearthRate":1036985087,"minHearthRate":357095933,"maxHearthRate":3977153503}}]}],"runQuery":[{"athlete":{"id":2494799655,"user":{"userName":"r58aqr6n","firstName":"ujqavyy00fhm","lastName":"uqummslw5k"},"bikes":[{"bikeBrand":"1","bikeName":"ah7it3rgggpxw50"}],"shoes":[{"shoeBrand":"1","shoeName":"gu1vv"}],"weight":312461109,"age":2260517418},"segment":[{"segId":3462176999,"name":"fzzuvbr7l0zkxpl742tt","route":{"elevation":1551422023,"place":[{"country":"bpnorzg","city":"o44ecunupp8","distance":2548013318}],"map":{"startAtLong":"wrq035i826w9b","endAtLong":"8aine","height":1334620248,"category":"1"}},"elevHigh":425062575,"elevLow":509129808,"hearthData":{"averageHearthRate":50284837,"minHearthRate":3999596997,"maxHearthRate":1930903635}}]}],"skiQuery":[{"athlete":{"id":3327385391,"user":{"userName":"r8x6hy","firstName":"ap1c791m","lastName":"8ks0yqbg"},"bikes":[{"bikeBrand":"1","bikeName":"6vhjv0ddk1yn9hh"}],"shoes":[{"shoeBrand":"1","shoeName":"1xcgxgq87m3w"}],"weight":2816947185,"age":2170118290},"segment":[{"segId":3015115802,"name":"4bqb6w97tgbky3","route":{"elevation":1457364392,"place":[{"country":"sweauhkq3odp","city":"bf1vwvo6nw5tr","distance":980419701}],"map":{"startAtLong":"4mcu40","endAtLong":"4a82w5","height":530972040,"category":"1"}},"elevHigh":1584828898,"elevLow":2928084382,"hearthData":{"averageHearthRate":1936346480,"minHearthRate":4258723058,"maxHearthRate":279018816}}]}]},"date":{"bikeQuery":[{"athlete":{"id":1395017560,"user":{"userName":"s5hh3va0gjqpu","firstName":"ps1woucyp5vhx059d","lastName":"1oczms0ifb1j"},"bikes":[{"bikeBrand":"1","bikeName":"po5rr9fm"}],"shoes":[{"shoeBrand":"1","shoeName":"zc1020ytpr0w827c"}],"weight":2712872123,"age":349255957},"segment":[{"segId":4099905807,"name":"4vatsw5xqti6pye6fa9","route":{"elevation":1145223507,"place":[{"country":"48i1t2","city":"62kbftc5w8ir7p12sqw","distance":3124284696}],"map":{"startAtLong":"iar4ttvyqf","endAtLong":"8f8d0cdsim1j8cyu6g","height":1748992138,"category":"1"}},"elevHigh":3392249624,"elevLow":1768611931,"hearthData":{"averageHearthRate":1311383764,"minHearthRate":1729344168,"maxHearthRate":3183127692}}]}],"swimQuery":[{"athlete":{"id":3995300670,"user":{"userName":"fyv8r0","firstName":"ntcw6m3m66nd2t9vo8u","lastName":"7wvdnyli4fe0"},"bikes":[{"bikeBrand":"1","bikeName":"uxr3r"}],"shoes":[{"shoeBrand":"1","shoeName":"2tzrm"}],"weight":346433409,"age":4190470201},"segment":[{"segId":4273429407,"name":"5yhfcn69xjz4zarhzas","hearthData":{"averageHearthRate":1036985087,"minHearthRate":357095933,"maxHearthRate":3977153503}}]}],"runQuery":[{"athlete":{"id":2494799655,"user":{"userName":"r58aqr6n","firstName":"ujqavyy00fhm","lastName":"uqummslw5k"},"bikes":[{"bikeBrand":"1","bikeName":"ah7it3rgggpxw50"}],"shoes":[{"shoeBrand":"1","shoeName":"gu1vv"}],"weight":312461109,"age":2260517418},"segment":[{"segId":3462176999,"name":"fzzuvbr7l0zkxpl742tt","route":{"elevation":1551422023,"place":[{"country":"bpnorzg","city":"o44ecunupp8","distance":2548013318}],"map":{"startAtLong":"wrq035i826w9b","endAtLong":"8aine","height":1334620248,"category":"1"}},"elevHigh":425062575,"elevLow":509129808,"hearthData":{"averageHearthRate":50284837,"minHearthRate":3999596997,"maxHearthRate":1930903635}}]}],"skiQuery":[{"athlete":{"id":3327385391,"user":{"userName":"r8x6hy","firstName":"ap1c791m","lastName":"8ks0yqbg"},"bikes":[{"bikeBrand":"1","bikeName":"6vhjv0ddk1yn9hh"}],"shoes":[{"shoeBrand":"1","shoeName":"1xcgxgq87m3w"}],"weight":2816947185,"age":2170118290},"segment":[{"segId":3015115802,"name":"4bqb6w97tgbky3","route":{"elevation":1457364392,"place":[{"country":"sweauhkq3odp","city":"bf1vwvo6nw5tr","distance":980419701}],"map":{"startAtLong":"4mcu40","endAtLong":"4a82w5","height":530972040,"category":"1"}},"elevHigh":1584828898,"elevLow":2928084382,"hearthData":{"averageHearthRate":1936346480,"minHearthRate":4258723058,"maxHearthRate":279018816}}]}]}}}'
[2020-11-10 19:04:31,365] [ERROR] [protobuf_target.transmit] -> target.transmit - failure in send (exception: Failed to parse date field: int() argument must be a string, a bytes-like object or a number, not 'dict'.)
[2020-11-10 19:04:31,366] [ERROR] [protobuf_target.transmit] -> Traceback (most recent call last):
  File "/Users/balazsattila/Env/fuzz_framework/.venv/lib/python3.8/site-packages/google/protobuf/json_format.py", line 589, in _ConvertFieldValuePair
    setattr(message, field.name, _ConvertScalarFieldValue(value, field))
  File "/Users/balazsattila/Env/fuzz_framework/.venv/lib/python3.8/site-packages/google/protobuf/json_format.py", line 720, in _ConvertScalarFieldValue
    return _ConvertInteger(value)
  File "/Users/balazsattila/Env/fuzz_framework/.venv/lib/python3.8/site-packages/google/protobuf/json_format.py", line 781, in _ConvertInteger
    return int(value)
TypeError: int() argument must be a string, a bytes-like object or a number, not 'dict'

During handling of the above exception, another exception occurred:

Traceback (most recent call last):
  File "/Users/balazsattila/Env/fuzzer_framework/framework/targets/protobuf_target.py", line 246, in transmit
    self._send_to_target(payload)
  File "/Users/balazsattila/Env/fuzzer_framework/framework/targets/protobuf_target.py", line 133, in _send_to_target
    proto_payload = self._construct_message(data, self.pb2_module)
  File "/Users/balazsattila/Env/fuzzer_framework/framework/targets/protobuf_target.py", line 106, in _construct_message
    msg = json_format.ParseDict(val, module_to_put_into())
  File "/Users/balazsattila/Env/fuzz_framework/.venv/lib/python3.8/site-packages/google/protobuf/json_format.py", line 452, in ParseDict
    parser.ConvertMessage(js_dict, message)
  File "/Users/balazsattila/Env/fuzz_framework/.venv/lib/python3.8/site-packages/google/protobuf/json_format.py", line 483, in ConvertMessage
    self._ConvertFieldValuePair(value, message)
  File "/Users/balazsattila/Env/fuzz_framework/.venv/lib/python3.8/site-packages/google/protobuf/json_format.py", line 598, in _ConvertFieldValuePair
    raise ParseError('Failed to parse {0} field: {1}.'.format(name, e))
google.protobuf.json_format.ParseError: Failed to parse date field: int() argument must be a string, a bytes-like object or a number, not 'dict'.

[2020-11-10 19:04:31,490] [INFO] [base._test_info] -> Current test: 3
[2020-11-10 19:04:31,491] [DEBUG] [base._test_info] -> ----------------------------------------------
[2020-11-10 19:04:31,491] [DEBUG] [base._test_info] -> ----------------------------------------------
[2020-11-10 19:04:31,527] [INFO] [protobuf_target.transmit] -> request(5023): 7b2252657175657374223a7b22737461747573223a2231222c2270726976617465223a223135222c226964223a223135222c ...
[2020-11-10 19:04:31,527] [DEBUG] [protobuf_target.transmit] -> payload b'{"Request":{"status":"1","private":"15","id":"15","accessToken":"0xd\xfe","queryActivities":{"bikeQuery":[{"athlete":{"id":1395017560,"user":{"userName":"s5hh3va0gjqpu","firstName":"ps1woucyp5vhx059d","lastName":"1oczms0ifb1j"},"bikes":[{"bikeBrand":"1","bikeName":"po5rr9fm"}],"shoes":[{"shoeBrand":"1","shoeName":"zc1020ytpr0w827c"}],"weight":2712872123,"age":349255957},"segment":[{"segId":4099905807,"name":"4vatsw5xqti6pye6fa9","route":{"elevation":1145223507,"place":[{"country":"48i1t2","city":"62kbftc5w8ir7p12sqw","distance":3124284696}],"map":{"startAtLong":"iar4ttvyqf","endAtLong":"8f8d0cdsim1j8cyu6g","height":1748992138,"category":"1"}},"elevHigh":3392249624,"elevLow":1768611931,"hearthData":{"averageHearthRate":1311383764,"minHearthRate":1729344168,"maxHearthRate":3183127692}}]}],"swimQuery":[{"athlete":{"id":3995300670,"user":{"userName":"fyv8r0","firstName":"ntcw6m3m66nd2t9vo8u","lastName":"7wvdnyli4fe0"},"bikes":[{"bikeBrand":"1","bikeName":"uxr3r"}],"shoes":[{"shoeBrand":"1","shoeName":"2tzrm"}],"weight":346433409,"age":4190470201},"segment":[{"segId":4273429407,"name":"5yhfcn69xjz4zarhzas","hearthData":{"averageHearthRate":1036985087,"minHearthRate":357095933,"maxHearthRate":3977153503}}]}],"runQuery":[{"athlete":{"id":2494799655,"user":{"userName":"r58aqr6n","firstName":"ujqavyy00fhm","lastName":"uqummslw5k"},"bikes":[{"bikeBrand":"1","bikeName":"ah7it3rgggpxw50"}],"shoes":[{"shoeBrand":"1","shoeName":"gu1vv"}],"weight":312461109,"age":2260517418},"segment":[{"segId":3462176999,"name":"fzzuvbr7l0zkxpl742tt","route":{"elevation":1551422023,"place":[{"country":"bpnorzg","city":"o44ecunupp8","distance":2548013318}],"map":{"startAtLong":"wrq035i826w9b","endAtLong":"8aine","height":1334620248,"category":"1"}},"elevHigh":425062575,"elevLow":509129808,"hearthData":{"averageHearthRate":50284837,"minHearthRate":3999596997,"maxHearthRate":1930903635}}]}],"skiQuery":[{"athlete":{"id":3327385391,"user":{"userName":"r8x6hy","firstName":"ap1c791m","lastName":"8ks0yqbg"},"bikes":[{"bikeBrand":"1","bikeName":"6vhjv0ddk1yn9hh"}],"shoes":[{"shoeBrand":"1","shoeName":"1xcgxgq87m3w"}],"weight":2816947185,"age":2170118290},"segment":[{"segId":3015115802,"name":"4bqb6w97tgbky3","route":{"elevation":1457364392,"place":[{"country":"sweauhkq3odp","city":"bf1vwvo6nw5tr","distance":980419701}],"map":{"startAtLong":"4mcu40","endAtLong":"4a82w5","height":530972040,"category":"1"}},"elevHigh":1584828898,"elevLow":2928084382,"hearthData":{"averageHearthRate":1936346480,"minHearthRate":4258723058,"maxHearthRate":279018816}}]}]},"date":{"bikeQuery":[{"athlete":{"id":1395017560,"user":{"userName":"s5hh3va0gjqpu","firstName":"ps1woucyp5vhx059d","lastName":"1oczms0ifb1j"},"bikes":[{"bikeBrand":"1","bikeName":"po5rr9fm"}],"shoes":[{"shoeBrand":"1","shoeName":"zc1020ytpr0w827c"}],"weight":2712872123,"age":349255957},"segment":[{"segId":4099905807,"name":"4vatsw5xqti6pye6fa9","route":{"elevation":1145223507,"place":[{"country":"48i1t2","city":"62kbftc5w8ir7p12sqw","distance":3124284696}],"map":{"startAtLong":"iar4ttvyqf","endAtLong":"8f8d0cdsim1j8cyu6g","height":1748992138,"category":"1"}},"elevHigh":3392249624,"elevLow":1768611931,"hearthData":{"averageHearthRate":1311383764,"minHearthRate":1729344168,"maxHearthRate":3183127692}}]}],"swimQuery":[{"athlete":{"id":3995300670,"user":{"userName":"fyv8r0","firstName":"ntcw6m3m66nd2t9vo8u","lastName":"7wvdnyli4fe0"},"bikes":[{"bikeBrand":"1","bikeName":"uxr3r"}],"shoes":[{"shoeBrand":"1","shoeName":"2tzrm"}],"weight":346433409,"age":4190470201},"segment":[{"segId":4273429407,"name":"5yhfcn69xjz4zarhzas","hearthData":{"averageHearthRate":1036985087,"minHearthRate":357095933,"maxHearthRate":3977153503}}]}],"runQuery":[{"athlete":{"id":2494799655,"user":{"userName":"r58aqr6n","firstName":"ujqavyy00fhm","lastName":"uqummslw5k"},"bikes":[{"bikeBrand":"1","bikeName":"ah7it3rgggpxw50"}],"shoes":[{"shoeBrand":"1","shoeName":"gu1vv"}],"weight":312461109,"age":2260517418},"segment":[{"segId":3462176999,"name":"fzzuvbr7l0zkxpl742tt","route":{"elevation":1551422023,"place":[{"country":"bpnorzg","city":"o44ecunupp8","distance":2548013318}],"map":{"startAtLong":"wrq035i826w9b","endAtLong":"8aine","height":1334620248,"category":"1"}},"elevHigh":425062575,"elevLow":509129808,"hearthData":{"averageHearthRate":50284837,"minHearthRate":3999596997,"maxHearthRate":1930903635}}]}],"skiQuery":[{"athlete":{"id":3327385391,"user":{"userName":"r8x6hy","firstName":"ap1c791m","lastName":"8ks0yqbg"},"bikes":[{"bikeBrand":"1","bikeName":"6vhjv0ddk1yn9hh"}],"shoes":[{"shoeBrand":"1","shoeName":"1xcgxgq87m3w"}],"weight":2816947185,"age":2170118290},"segment":[{"segId":3015115802,"name":"4bqb6w97tgbky3","route":{"elevation":1457364392,"place":[{"country":"sweauhkq3odp","city":"bf1vwvo6nw5tr","distance":980419701}],"map":{"startAtLong":"4mcu40","endAtLong":"4a82w5","height":530972040,"category":"1"}},"elevHigh":1584828898,"elevLow":2928084382,"hearthData":{"averageHearthRate":1936346480,"minHearthRate":4258723058,"maxHearthRate":279018816}}]}]}}}'
[2020-11-10 19:04:31,537] [ERROR] [protobuf_target.transmit] -> target.transmit - failure in send (exception: 'utf-8' codec can't decode byte 0xfe in position 68: invalid start byte)
[2020-11-10 19:04:31,584] [ERROR] [protobuf_target.transmit] -> Traceback (most recent call last):
  File "/Users/balazsattila/Env/fuzzer_framework/framework/targets/protobuf_target.py", line 246, in transmit
    self._send_to_target(payload)
  File "/Users/balazsattila/Env/fuzzer_framework/framework/targets/protobuf_target.py", line 133, in _send_to_target
    proto_payload = self._construct_message(data, self.pb2_module)
  File "/Users/balazsattila/Env/fuzzer_framework/framework/targets/protobuf_target.py", line 100, in _construct_message
    to_dict = json.loads(data.decode())
UnicodeDecodeError: 'utf-8' codec can't decode byte 0xfe in position 68: invalid start byte

[2020-11-10 19:04:31,706] [INFO] [base._test_info] -> Current test: 4
[2020-11-10 19:04:31,707] [DEBUG] [base._test_info] -> ----------------------------------------------
[2020-11-10 19:04:31,707] [DEBUG] [base._test_info] -> ----------------------------------------------
[2020-11-10 19:04:31,740] [INFO] [protobuf_target.transmit] -> request(5023): 7b2252657175657374223a7b22737461747573223a2231222c2270726976617465223a223135222c226964223a223135222c ...
[2020-11-10 19:04:31,741] [DEBUG] [protobuf_target.transmit] -> payload b'{"Request":{"status":"1","private":"15","id":"15","accessToken":"\x000xd","queryActivities":{"bikeQuery":[{"athlete":{"id":1395017560,"user":{"userName":"s5hh3va0gjqpu","firstName":"ps1woucyp5vhx059d","lastName":"1oczms0ifb1j"},"bikes":[{"bikeBrand":"1","bikeName":"po5rr9fm"}],"shoes":[{"shoeBrand":"1","shoeName":"zc1020ytpr0w827c"}],"weight":2712872123,"age":349255957},"segment":[{"segId":4099905807,"name":"4vatsw5xqti6pye6fa9","route":{"elevation":1145223507,"place":[{"country":"48i1t2","city":"62kbftc5w8ir7p12sqw","distance":3124284696}],"map":{"startAtLong":"iar4ttvyqf","endAtLong":"8f8d0cdsim1j8cyu6g","height":1748992138,"category":"1"}},"elevHigh":3392249624,"elevLow":1768611931,"hearthData":{"averageHearthRate":1311383764,"minHearthRate":1729344168,"maxHearthRate":3183127692}}]}],"swimQuery":[{"athlete":{"id":3995300670,"user":{"userName":"fyv8r0","firstName":"ntcw6m3m66nd2t9vo8u","lastName":"7wvdnyli4fe0"},"bikes":[{"bikeBrand":"1","bikeName":"uxr3r"}],"shoes":[{"shoeBrand":"1","shoeName":"2tzrm"}],"weight":346433409,"age":4190470201},"segment":[{"segId":4273429407,"name":"5yhfcn69xjz4zarhzas","hearthData":{"averageHearthRate":1036985087,"minHearthRate":357095933,"maxHearthRate":3977153503}}]}],"runQuery":[{"athlete":{"id":2494799655,"user":{"userName":"r58aqr6n","firstName":"ujqavyy00fhm","lastName":"uqummslw5k"},"bikes":[{"bikeBrand":"1","bikeName":"ah7it3rgggpxw50"}],"shoes":[{"shoeBrand":"1","shoeName":"gu1vv"}],"weight":312461109,"age":2260517418},"segment":[{"segId":3462176999,"name":"fzzuvbr7l0zkxpl742tt","route":{"elevation":1551422023,"place":[{"country":"bpnorzg","city":"o44ecunupp8","distance":2548013318}],"map":{"startAtLong":"wrq035i826w9b","endAtLong":"8aine","height":1334620248,"category":"1"}},"elevHigh":425062575,"elevLow":509129808,"hearthData":{"averageHearthRate":50284837,"minHearthRate":3999596997,"maxHearthRate":1930903635}}]}],"skiQuery":[{"athlete":{"id":3327385391,"user":{"userName":"r8x6hy","firstName":"ap1c791m","lastName":"8ks0yqbg"},"bikes":[{"bikeBrand":"1","bikeName":"6vhjv0ddk1yn9hh"}],"shoes":[{"shoeBrand":"1","shoeName":"1xcgxgq87m3w"}],"weight":2816947185,"age":2170118290},"segment":[{"segId":3015115802,"name":"4bqb6w97tgbky3","route":{"elevation":1457364392,"place":[{"country":"sweauhkq3odp","city":"bf1vwvo6nw5tr","distance":980419701}],"map":{"startAtLong":"4mcu40","endAtLong":"4a82w5","height":530972040,"category":"1"}},"elevHigh":1584828898,"elevLow":2928084382,"hearthData":{"averageHearthRate":1936346480,"minHearthRate":4258723058,"maxHearthRate":279018816}}]}]},"date":{"bikeQuery":[{"athlete":{"id":1395017560,"user":{"userName":"s5hh3va0gjqpu","firstName":"ps1woucyp5vhx059d","lastName":"1oczms0ifb1j"},"bikes":[{"bikeBrand":"1","bikeName":"po5rr9fm"}],"shoes":[{"shoeBrand":"1","shoeName":"zc1020ytpr0w827c"}],"weight":2712872123,"age":349255957},"segment":[{"segId":4099905807,"name":"4vatsw5xqti6pye6fa9","route":{"elevation":1145223507,"place":[{"country":"48i1t2","city":"62kbftc5w8ir7p12sqw","distance":3124284696}],"map":{"startAtLong":"iar4ttvyqf","endAtLong":"8f8d0cdsim1j8cyu6g","height":1748992138,"category":"1"}},"elevHigh":3392249624,"elevLow":1768611931,"hearthData":{"averageHearthRate":1311383764,"minHearthRate":1729344168,"maxHearthRate":3183127692}}]}],"swimQuery":[{"athlete":{"id":3995300670,"user":{"userName":"fyv8r0","firstName":"ntcw6m3m66nd2t9vo8u","lastName":"7wvdnyli4fe0"},"bikes":[{"bikeBrand":"1","bikeName":"uxr3r"}],"shoes":[{"shoeBrand":"1","shoeName":"2tzrm"}],"weight":346433409,"age":4190470201},"segment":[{"segId":4273429407,"name":"5yhfcn69xjz4zarhzas","hearthData":{"averageHearthRate":1036985087,"minHearthRate":357095933,"maxHearthRate":3977153503}}]}],"runQuery":[{"athlete":{"id":2494799655,"user":{"userName":"r58aqr6n","firstName":"ujqavyy00fhm","lastName":"uqummslw5k"},"bikes":[{"bikeBrand":"1","bikeName":"ah7it3rgggpxw50"}],"shoes":[{"shoeBrand":"1","shoeName":"gu1vv"}],"weight":312461109,"age":2260517418},"segment":[{"segId":3462176999,"name":"fzzuvbr7l0zkxpl742tt","route":{"elevation":1551422023,"place":[{"country":"bpnorzg","city":"o44ecunupp8","distance":2548013318}],"map":{"startAtLong":"wrq035i826w9b","endAtLong":"8aine","height":1334620248,"category":"1"}},"elevHigh":425062575,"elevLow":509129808,"hearthData":{"averageHearthRate":50284837,"minHearthRate":3999596997,"maxHearthRate":1930903635}}]}],"skiQuery":[{"athlete":{"id":3327385391,"user":{"userName":"r8x6hy","firstName":"ap1c791m","lastName":"8ks0yqbg"},"bikes":[{"bikeBrand":"1","bikeName":"6vhjv0ddk1yn9hh"}],"shoes":[{"shoeBrand":"1","shoeName":"1xcgxgq87m3w"}],"weight":2816947185,"age":2170118290},"segment":[{"segId":3015115802,"name":"4bqb6w97tgbky3","route":{"elevation":1457364392,"place":[{"country":"sweauhkq3odp","city":"bf1vwvo6nw5tr","distance":980419701}],"map":{"startAtLong":"4mcu40","endAtLong":"4a82w5","height":530972040,"category":"1"}},"elevHigh":1584828898,"elevLow":2928084382,"hearthData":{"averageHearthRate":1936346480,"minHearthRate":4258723058,"maxHearthRate":279018816}}]}]}}}'
[2020-11-10 19:04:31,765] [ERROR] [protobuf_target.transmit] -> target.transmit - failure in send (exception: Invalid control character at: line 1 column 66 (char 65))
[2020-11-10 19:04:31,767] [ERROR] [protobuf_target.transmit] -> Traceback (most recent call last):
  File "/Users/balazsattila/Env/fuzzer_framework/framework/targets/protobuf_target.py", line 246, in transmit
    self._send_to_target(payload)
  File "/Users/balazsattila/Env/fuzzer_framework/framework/targets/protobuf_target.py", line 133, in _send_to_target
    proto_payload = self._construct_message(data, self.pb2_module)
  File "/Users/balazsattila/Env/fuzzer_framework/framework/targets/protobuf_target.py", line 100, in _construct_message
    to_dict = json.loads(data.decode())
  File "/usr/local/opt/python@3.8/Frameworks/Python.framework/Versions/3.8/lib/python3.8/json/__init__.py", line 357, in loads
    return _default_decoder.decode(s)
  File "/usr/local/opt/python@3.8/Frameworks/Python.framework/Versions/3.8/lib/python3.8/json/decoder.py", line 337, in decode
    obj, end = self.raw_decode(s, idx=_w(s, 0).end())
  File "/usr/local/opt/python@3.8/Frameworks/Python.framework/Versions/3.8/lib/python3.8/json/decoder.py", line 353, in raw_decode
    obj, end = self.scan_once(s, idx)
json.decoder.JSONDecodeError: Invalid control character at: line 1 column 66 (char 65)

[2020-11-10 19:04:31,843] [INFO] [base._test_info] -> Current test: 5
[2020-11-10 19:04:31,843] [DEBUG] [base._test_info] -> ----------------------------------------------
[2020-11-10 19:04:31,843] [DEBUG] [base._test_info] -> ----------------------------------------------
[2020-11-10 19:04:31,862] [INFO] [protobuf_target.transmit] -> request(5023): 7b2252657175657374223a7b22737461747573223a2231222c2270726976617465223a223135222c226964223a223135222c ...
[2020-11-10 19:04:31,862] [DEBUG] [protobuf_target.transmit] -> payload b'{"Request":{"status":"1","private":"15","id":"15","accessToken":"0\x00xd","queryActivities":{"bikeQuery":[{"athlete":{"id":1395017560,"user":{"userName":"s5hh3va0gjqpu","firstName":"ps1woucyp5vhx059d","lastName":"1oczms0ifb1j"},"bikes":[{"bikeBrand":"1","bikeName":"po5rr9fm"}],"shoes":[{"shoeBrand":"1","shoeName":"zc1020ytpr0w827c"}],"weight":2712872123,"age":349255957},"segment":[{"segId":4099905807,"name":"4vatsw5xqti6pye6fa9","route":{"elevation":1145223507,"place":[{"country":"48i1t2","city":"62kbftc5w8ir7p12sqw","distance":3124284696}],"map":{"startAtLong":"iar4ttvyqf","endAtLong":"8f8d0cdsim1j8cyu6g","height":1748992138,"category":"1"}},"elevHigh":3392249624,"elevLow":1768611931,"hearthData":{"averageHearthRate":1311383764,"minHearthRate":1729344168,"maxHearthRate":3183127692}}]}],"swimQuery":[{"athlete":{"id":3995300670,"user":{"userName":"fyv8r0","firstName":"ntcw6m3m66nd2t9vo8u","lastName":"7wvdnyli4fe0"},"bikes":[{"bikeBrand":"1","bikeName":"uxr3r"}],"shoes":[{"shoeBrand":"1","shoeName":"2tzrm"}],"weight":346433409,"age":4190470201},"segment":[{"segId":4273429407,"name":"5yhfcn69xjz4zarhzas","hearthData":{"averageHearthRate":1036985087,"minHearthRate":357095933,"maxHearthRate":3977153503}}]}],"runQuery":[{"athlete":{"id":2494799655,"user":{"userName":"r58aqr6n","firstName":"ujqavyy00fhm","lastName":"uqummslw5k"},"bikes":[{"bikeBrand":"1","bikeName":"ah7it3rgggpxw50"}],"shoes":[{"shoeBrand":"1","shoeName":"gu1vv"}],"weight":312461109,"age":2260517418},"segment":[{"segId":3462176999,"name":"fzzuvbr7l0zkxpl742tt","route":{"elevation":1551422023,"place":[{"country":"bpnorzg","city":"o44ecunupp8","distance":2548013318}],"map":{"startAtLong":"wrq035i826w9b","endAtLong":"8aine","height":1334620248,"category":"1"}},"elevHigh":425062575,"elevLow":509129808,"hearthData":{"averageHearthRate":50284837,"minHearthRate":3999596997,"maxHearthRate":1930903635}}]}],"skiQuery":[{"athlete":{"id":3327385391,"user":{"userName":"r8x6hy","firstName":"ap1c791m","lastName":"8ks0yqbg"},"bikes":[{"bikeBrand":"1","bikeName":"6vhjv0ddk1yn9hh"}],"shoes":[{"shoeBrand":"1","shoeName":"1xcgxgq87m3w"}],"weight":2816947185,"age":2170118290},"segment":[{"segId":3015115802,"name":"4bqb6w97tgbky3","route":{"elevation":1457364392,"place":[{"country":"sweauhkq3odp","city":"bf1vwvo6nw5tr","distance":980419701}],"map":{"startAtLong":"4mcu40","endAtLong":"4a82w5","height":530972040,"category":"1"}},"elevHigh":1584828898,"elevLow":2928084382,"hearthData":{"averageHearthRate":1936346480,"minHearthRate":4258723058,"maxHearthRate":279018816}}]}]},"date":{"bikeQuery":[{"athlete":{"id":1395017560,"user":{"userName":"s5hh3va0gjqpu","firstName":"ps1woucyp5vhx059d","lastName":"1oczms0ifb1j"},"bikes":[{"bikeBrand":"1","bikeName":"po5rr9fm"}],"shoes":[{"shoeBrand":"1","shoeName":"zc1020ytpr0w827c"}],"weight":2712872123,"age":349255957},"segment":[{"segId":4099905807,"name":"4vatsw5xqti6pye6fa9","route":{"elevation":1145223507,"place":[{"country":"48i1t2","city":"62kbftc5w8ir7p12sqw","distance":3124284696}],"map":{"startAtLong":"iar4ttvyqf","endAtLong":"8f8d0cdsim1j8cyu6g","height":1748992138,"category":"1"}},"elevHigh":3392249624,"elevLow":1768611931,"hearthData":{"averageHearthRate":1311383764,"minHearthRate":1729344168,"maxHearthRate":3183127692}}]}],"swimQuery":[{"athlete":{"id":3995300670,"user":{"userName":"fyv8r0","firstName":"ntcw6m3m66nd2t9vo8u","lastName":"7wvdnyli4fe0"},"bikes":[{"bikeBrand":"1","bikeName":"uxr3r"}],"shoes":[{"shoeBrand":"1","shoeName":"2tzrm"}],"weight":346433409,"age":4190470201},"segment":[{"segId":4273429407,"name":"5yhfcn69xjz4zarhzas","hearthData":{"averageHearthRate":1036985087,"minHearthRate":357095933,"maxHearthRate":3977153503}}]}],"runQuery":[{"athlete":{"id":2494799655,"user":{"userName":"r58aqr6n","firstName":"ujqavyy00fhm","lastName":"uqummslw5k"},"bikes":[{"bikeBrand":"1","bikeName":"ah7it3rgggpxw50"}],"shoes":[{"shoeBrand":"1","shoeName":"gu1vv"}],"weight":312461109,"age":2260517418},"segment":[{"segId":3462176999,"name":"fzzuvbr7l0zkxpl742tt","route":{"elevation":1551422023,"place":[{"country":"bpnorzg","city":"o44ecunupp8","distance":2548013318}],"map":{"startAtLong":"wrq035i826w9b","endAtLong":"8aine","height":1334620248,"category":"1"}},"elevHigh":425062575,"elevLow":509129808,"hearthData":{"averageHearthRate":50284837,"minHearthRate":3999596997,"maxHearthRate":1930903635}}]}],"skiQuery":[{"athlete":{"id":3327385391,"user":{"userName":"r8x6hy","firstName":"ap1c791m","lastName":"8ks0yqbg"},"bikes":[{"bikeBrand":"1","bikeName":"6vhjv0ddk1yn9hh"}],"shoes":[{"shoeBrand":"1","shoeName":"1xcgxgq87m3w"}],"weight":2816947185,"age":2170118290},"segment":[{"segId":3015115802,"name":"4bqb6w97tgbky3","route":{"elevation":1457364392,"place":[{"country":"sweauhkq3odp","city":"bf1vwvo6nw5tr","distance":980419701}],"map":{"startAtLong":"4mcu40","endAtLong":"4a82w5","height":530972040,"category":"1"}},"elevHigh":1584828898,"elevLow":2928084382,"hearthData":{"averageHearthRate":1936346480,"minHearthRate":4258723058,"maxHearthRate":279018816}}]}]}}}'
[2020-11-10 19:04:31,863] [ERROR] [protobuf_target.transmit] -> target.transmit - failure in send (exception: Invalid control character at: line 1 column 67 (char 66))
[2020-11-10 19:04:31,863] [ERROR] [protobuf_target.transmit] -> Traceback (most recent call last):
  File "/Users/balazsattila/Env/fuzzer_framework/framework/targets/protobuf_target.py", line 246, in transmit
    self._send_to_target(payload)
  File "/Users/balazsattila/Env/fuzzer_framework/framework/targets/protobuf_target.py", line 133, in _send_to_target
    proto_payload = self._construct_message(data, self.pb2_module)
  File "/Users/balazsattila/Env/fuzzer_framework/framework/targets/protobuf_target.py", line 100, in _construct_message
    to_dict = json.loads(data.decode())
  File "/usr/local/opt/python@3.8/Frameworks/Python.framework/Versions/3.8/lib/python3.8/json/__init__.py", line 357, in loads
    return _default_decoder.decode(s)
  File "/usr/local/opt/python@3.8/Frameworks/Python.framework/Versions/3.8/lib/python3.8/json/decoder.py", line 337, in decode
    obj, end = self.raw_decode(s, idx=_w(s, 0).end())
  File "/usr/local/opt/python@3.8/Frameworks/Python.framework/Versions/3.8/lib/python3.8/json/decoder.py", line 353, in raw_decode
    obj, end = self.scan_once(s, idx)
json.decoder.JSONDecodeError: Invalid control character at: line 1 column 67 (char 66)

[2020-11-10 19:04:32,051] [INFO] [base._test_info] -> Current test: 6
[2020-11-10 19:04:32,051] [DEBUG] [base._test_info] -> ----------------------------------------------
[2020-11-10 19:04:32,052] [DEBUG] [base._test_info] -> ----------------------------------------------
[2020-11-10 19:04:32,092] [INFO] [protobuf_target.transmit] -> request(5023): 7b2252657175657374223a7b22737461747573223a2231222c2270726976617465223a223135222c226964223a223135222c ...
[2020-11-10 19:04:32,092] [DEBUG] [protobuf_target.transmit] -> payload b'{"Request":{"status":"1","private":"15","id":"15","accessToken":"0xd\x00","queryActivities":{"bikeQuery":[{"athlete":{"id":1395017560,"user":{"userName":"s5hh3va0gjqpu","firstName":"ps1woucyp5vhx059d","lastName":"1oczms0ifb1j"},"bikes":[{"bikeBrand":"1","bikeName":"po5rr9fm"}],"shoes":[{"shoeBrand":"1","shoeName":"zc1020ytpr0w827c"}],"weight":2712872123,"age":349255957},"segment":[{"segId":4099905807,"name":"4vatsw5xqti6pye6fa9","route":{"elevation":1145223507,"place":[{"country":"48i1t2","city":"62kbftc5w8ir7p12sqw","distance":3124284696}],"map":{"startAtLong":"iar4ttvyqf","endAtLong":"8f8d0cdsim1j8cyu6g","height":1748992138,"category":"1"}},"elevHigh":3392249624,"elevLow":1768611931,"hearthData":{"averageHearthRate":1311383764,"minHearthRate":1729344168,"maxHearthRate":3183127692}}]}],"swimQuery":[{"athlete":{"id":3995300670,"user":{"userName":"fyv8r0","firstName":"ntcw6m3m66nd2t9vo8u","lastName":"7wvdnyli4fe0"},"bikes":[{"bikeBrand":"1","bikeName":"uxr3r"}],"shoes":[{"shoeBrand":"1","shoeName":"2tzrm"}],"weight":346433409,"age":4190470201},"segment":[{"segId":4273429407,"name":"5yhfcn69xjz4zarhzas","hearthData":{"averageHearthRate":1036985087,"minHearthRate":357095933,"maxHearthRate":3977153503}}]}],"runQuery":[{"athlete":{"id":2494799655,"user":{"userName":"r58aqr6n","firstName":"ujqavyy00fhm","lastName":"uqummslw5k"},"bikes":[{"bikeBrand":"1","bikeName":"ah7it3rgggpxw50"}],"shoes":[{"shoeBrand":"1","shoeName":"gu1vv"}],"weight":312461109,"age":2260517418},"segment":[{"segId":3462176999,"name":"fzzuvbr7l0zkxpl742tt","route":{"elevation":1551422023,"place":[{"country":"bpnorzg","city":"o44ecunupp8","distance":2548013318}],"map":{"startAtLong":"wrq035i826w9b","endAtLong":"8aine","height":1334620248,"category":"1"}},"elevHigh":425062575,"elevLow":509129808,"hearthData":{"averageHearthRate":50284837,"minHearthRate":3999596997,"maxHearthRate":1930903635}}]}],"skiQuery":[{"athlete":{"id":3327385391,"user":{"userName":"r8x6hy","firstName":"ap1c791m","lastName":"8ks0yqbg"},"bikes":[{"bikeBrand":"1","bikeName":"6vhjv0ddk1yn9hh"}],"shoes":[{"shoeBrand":"1","shoeName":"1xcgxgq87m3w"}],"weight":2816947185,"age":2170118290},"segment":[{"segId":3015115802,"name":"4bqb6w97tgbky3","route":{"elevation":1457364392,"place":[{"country":"sweauhkq3odp","city":"bf1vwvo6nw5tr","distance":980419701}],"map":{"startAtLong":"4mcu40","endAtLong":"4a82w5","height":530972040,"category":"1"}},"elevHigh":1584828898,"elevLow":2928084382,"hearthData":{"averageHearthRate":1936346480,"minHearthRate":4258723058,"maxHearthRate":279018816}}]}]},"date":{"bikeQuery":[{"athlete":{"id":1395017560,"user":{"userName":"s5hh3va0gjqpu","firstName":"ps1woucyp5vhx059d","lastName":"1oczms0ifb1j"},"bikes":[{"bikeBrand":"1","bikeName":"po5rr9fm"}],"shoes":[{"shoeBrand":"1","shoeName":"zc1020ytpr0w827c"}],"weight":2712872123,"age":349255957},"segment":[{"segId":4099905807,"name":"4vatsw5xqti6pye6fa9","route":{"elevation":1145223507,"place":[{"country":"48i1t2","city":"62kbftc5w8ir7p12sqw","distance":3124284696}],"map":{"startAtLong":"iar4ttvyqf","endAtLong":"8f8d0cdsim1j8cyu6g","height":1748992138,"category":"1"}},"elevHigh":3392249624,"elevLow":1768611931,"hearthData":{"averageHearthRate":1311383764,"minHearthRate":1729344168,"maxHearthRate":3183127692}}]}],"swimQuery":[{"athlete":{"id":3995300670,"user":{"userName":"fyv8r0","firstName":"ntcw6m3m66nd2t9vo8u","lastName":"7wvdnyli4fe0"},"bikes":[{"bikeBrand":"1","bikeName":"uxr3r"}],"shoes":[{"shoeBrand":"1","shoeName":"2tzrm"}],"weight":346433409,"age":4190470201},"segment":[{"segId":4273429407,"name":"5yhfcn69xjz4zarhzas","hearthData":{"averageHearthRate":1036985087,"minHearthRate":357095933,"maxHearthRate":3977153503}}]}],"runQuery":[{"athlete":{"id":2494799655,"user":{"userName":"r58aqr6n","firstName":"ujqavyy00fhm","lastName":"uqummslw5k"},"bikes":[{"bikeBrand":"1","bikeName":"ah7it3rgggpxw50"}],"shoes":[{"shoeBrand":"1","shoeName":"gu1vv"}],"weight":312461109,"age":2260517418},"segment":[{"segId":3462176999,"name":"fzzuvbr7l0zkxpl742tt","route":{"elevation":1551422023,"place":[{"country":"bpnorzg","city":"o44ecunupp8","distance":2548013318}],"map":{"startAtLong":"wrq035i826w9b","endAtLong":"8aine","height":1334620248,"category":"1"}},"elevHigh":425062575,"elevLow":509129808,"hearthData":{"averageHearthRate":50284837,"minHearthRate":3999596997,"maxHearthRate":1930903635}}]}],"skiQuery":[{"athlete":{"id":3327385391,"user":{"userName":"r8x6hy","firstName":"ap1c791m","lastName":"8ks0yqbg"},"bikes":[{"bikeBrand":"1","bikeName":"6vhjv0ddk1yn9hh"}],"shoes":[{"shoeBrand":"1","shoeName":"1xcgxgq87m3w"}],"weight":2816947185,"age":2170118290},"segment":[{"segId":3015115802,"name":"4bqb6w97tgbky3","route":{"elevation":1457364392,"place":[{"country":"sweauhkq3odp","city":"bf1vwvo6nw5tr","distance":980419701}],"map":{"startAtLong":"4mcu40","endAtLong":"4a82w5","height":530972040,"category":"1"}},"elevHigh":1584828898,"elevLow":2928084382,"hearthData":{"averageHearthRate":1936346480,"minHearthRate":4258723058,"maxHearthRate":279018816}}]}]}}}'
[2020-11-10 19:04:32,151] [ERROR] [protobuf_target.transmit] -> target.transmit - failure in send (exception: Invalid control character at: line 1 column 69 (char 68))
[2020-11-10 19:04:32,152] [ERROR] [protobuf_target.transmit] -> Traceback (most recent call last):
  File "/Users/balazsattila/Env/fuzzer_framework/framework/targets/protobuf_target.py", line 246, in transmit
    self._send_to_target(payload)
  File "/Users/balazsattila/Env/fuzzer_framework/framework/targets/protobuf_target.py", line 133, in _send_to_target
    proto_payload = self._construct_message(data, self.pb2_module)
  File "/Users/balazsattila/Env/fuzzer_framework/framework/targets/protobuf_target.py", line 100, in _construct_message
    to_dict = json.loads(data.decode())
  File "/usr/local/opt/python@3.8/Frameworks/Python.framework/Versions/3.8/lib/python3.8/json/__init__.py", line 357, in loads
    return _default_decoder.decode(s)
  File "/usr/local/opt/python@3.8/Frameworks/Python.framework/Versions/3.8/lib/python3.8/json/decoder.py", line 337, in decode
    obj, end = self.raw_decode(s, idx=_w(s, 0).end())
  File "/usr/local/opt/python@3.8/Frameworks/Python.framework/Versions/3.8/lib/python3.8/json/decoder.py", line 353, in raw_decode
    obj, end = self.scan_once(s, idx)
json.decoder.JSONDecodeError: Invalid control character at: line 1 column 69 (char 68)

[2020-11-10 19:04:32,277] [INFO] [base._test_info] -> Current test: 7
[2020-11-10 19:04:32,278] [DEBUG] [base._test_info] -> ----------------------------------------------
[2020-11-10 19:04:32,278] [DEBUG] [base._test_info] -> ----------------------------------------------
[2020-11-10 19:04:32,307] [INFO] [protobuf_target.transmit] -> request(5019): 7b2252657175657374223a7b22737461747573223a2231222c2270726976617465223a223135222c226964223a223135222c ...
[2020-11-10 19:04:32,307] [DEBUG] [protobuf_target.transmit] -> payload b'{"Request":{"status":"1","private":"15","id":"15","accessToken":"","queryActivities":{"bikeQuery":[{"athlete":{"id":1395017560,"user":{"userName":"s5hh3va0gjqpu","firstName":"ps1woucyp5vhx059d","lastName":"1oczms0ifb1j"},"bikes":[{"bikeBrand":"1","bikeName":"po5rr9fm"}],"shoes":[{"shoeBrand":"1","shoeName":"zc1020ytpr0w827c"}],"weight":2712872123,"age":349255957},"segment":[{"segId":4099905807,"name":"4vatsw5xqti6pye6fa9","route":{"elevation":1145223507,"place":[{"country":"48i1t2","city":"62kbftc5w8ir7p12sqw","distance":3124284696}],"map":{"startAtLong":"iar4ttvyqf","endAtLong":"8f8d0cdsim1j8cyu6g","height":1748992138,"category":"1"}},"elevHigh":3392249624,"elevLow":1768611931,"hearthData":{"averageHearthRate":1311383764,"minHearthRate":1729344168,"maxHearthRate":3183127692}}]}],"swimQuery":[{"athlete":{"id":3995300670,"user":{"userName":"fyv8r0","firstName":"ntcw6m3m66nd2t9vo8u","lastName":"7wvdnyli4fe0"},"bikes":[{"bikeBrand":"1","bikeName":"uxr3r"}],"shoes":[{"shoeBrand":"1","shoeName":"2tzrm"}],"weight":346433409,"age":4190470201},"segment":[{"segId":4273429407,"name":"5yhfcn69xjz4zarhzas","hearthData":{"averageHearthRate":1036985087,"minHearthRate":357095933,"maxHearthRate":3977153503}}]}],"runQuery":[{"athlete":{"id":2494799655,"user":{"userName":"r58aqr6n","firstName":"ujqavyy00fhm","lastName":"uqummslw5k"},"bikes":[{"bikeBrand":"1","bikeName":"ah7it3rgggpxw50"}],"shoes":[{"shoeBrand":"1","shoeName":"gu1vv"}],"weight":312461109,"age":2260517418},"segment":[{"segId":3462176999,"name":"fzzuvbr7l0zkxpl742tt","route":{"elevation":1551422023,"place":[{"country":"bpnorzg","city":"o44ecunupp8","distance":2548013318}],"map":{"startAtLong":"wrq035i826w9b","endAtLong":"8aine","height":1334620248,"category":"1"}},"elevHigh":425062575,"elevLow":509129808,"hearthData":{"averageHearthRate":50284837,"minHearthRate":3999596997,"maxHearthRate":1930903635}}]}],"skiQuery":[{"athlete":{"id":3327385391,"user":{"userName":"r8x6hy","firstName":"ap1c791m","lastName":"8ks0yqbg"},"bikes":[{"bikeBrand":"1","bikeName":"6vhjv0ddk1yn9hh"}],"shoes":[{"shoeBrand":"1","shoeName":"1xcgxgq87m3w"}],"weight":2816947185,"age":2170118290},"segment":[{"segId":3015115802,"name":"4bqb6w97tgbky3","route":{"elevation":1457364392,"place":[{"country":"sweauhkq3odp","city":"bf1vwvo6nw5tr","distance":980419701}],"map":{"startAtLong":"4mcu40","endAtLong":"4a82w5","height":530972040,"category":"1"}},"elevHigh":1584828898,"elevLow":2928084382,"hearthData":{"averageHearthRate":1936346480,"minHearthRate":4258723058,"maxHearthRate":279018816}}]}]},"date":{"bikeQuery":[{"athlete":{"id":1395017560,"user":{"userName":"s5hh3va0gjqpu","firstName":"ps1woucyp5vhx059d","lastName":"1oczms0ifb1j"},"bikes":[{"bikeBrand":"1","bikeName":"po5rr9fm"}],"shoes":[{"shoeBrand":"1","shoeName":"zc1020ytpr0w827c"}],"weight":2712872123,"age":349255957},"segment":[{"segId":4099905807,"name":"4vatsw5xqti6pye6fa9","route":{"elevation":1145223507,"place":[{"country":"48i1t2","city":"62kbftc5w8ir7p12sqw","distance":3124284696}],"map":{"startAtLong":"iar4ttvyqf","endAtLong":"8f8d0cdsim1j8cyu6g","height":1748992138,"category":"1"}},"elevHigh":3392249624,"elevLow":1768611931,"hearthData":{"averageHearthRate":1311383764,"minHearthRate":1729344168,"maxHearthRate":3183127692}}]}],"swimQuery":[{"athlete":{"id":3995300670,"user":{"userName":"fyv8r0","firstName":"ntcw6m3m66nd2t9vo8u","lastName":"7wvdnyli4fe0"},"bikes":[{"bikeBrand":"1","bikeName":"uxr3r"}],"shoes":[{"shoeBrand":"1","shoeName":"2tzrm"}],"weight":346433409,"age":4190470201},"segment":[{"segId":4273429407,"name":"5yhfcn69xjz4zarhzas","hearthData":{"averageHearthRate":1036985087,"minHearthRate":357095933,"maxHearthRate":3977153503}}]}],"runQuery":[{"athlete":{"id":2494799655,"user":{"userName":"r58aqr6n","firstName":"ujqavyy00fhm","lastName":"uqummslw5k"},"bikes":[{"bikeBrand":"1","bikeName":"ah7it3rgggpxw50"}],"shoes":[{"shoeBrand":"1","shoeName":"gu1vv"}],"weight":312461109,"age":2260517418},"segment":[{"segId":3462176999,"name":"fzzuvbr7l0zkxpl742tt","route":{"elevation":1551422023,"place":[{"country":"bpnorzg","city":"o44ecunupp8","distance":2548013318}],"map":{"startAtLong":"wrq035i826w9b","endAtLong":"8aine","height":1334620248,"category":"1"}},"elevHigh":425062575,"elevLow":509129808,"hearthData":{"averageHearthRate":50284837,"minHearthRate":3999596997,"maxHearthRate":1930903635}}]}],"skiQuery":[{"athlete":{"id":3327385391,"user":{"userName":"r8x6hy","firstName":"ap1c791m","lastName":"8ks0yqbg"},"bikes":[{"bikeBrand":"1","bikeName":"6vhjv0ddk1yn9hh"}],"shoes":[{"shoeBrand":"1","shoeName":"1xcgxgq87m3w"}],"weight":2816947185,"age":2170118290},"segment":[{"segId":3015115802,"name":"4bqb6w97tgbky3","route":{"elevation":1457364392,"place":[{"country":"sweauhkq3odp","city":"bf1vwvo6nw5tr","distance":980419701}],"map":{"startAtLong":"4mcu40","endAtLong":"4a82w5","height":530972040,"category":"1"}},"elevHigh":1584828898,"elevLow":2928084382,"hearthData":{"averageHearthRate":1936346480,"minHearthRate":4258723058,"maxHearthRate":279018816}}]}]}}}'
[2020-11-10 19:04:32,313] [ERROR] [protobuf_target.transmit] -> target.transmit - failure in send (exception: Failed to parse date field: int() argument must be a string, a bytes-like object or a number, not 'dict'.)
[2020-11-10 19:04:32,370] [ERROR] [protobuf_target.transmit] -> Traceback (most recent call last):
  File "/Users/balazsattila/Env/fuzz_framework/.venv/lib/python3.8/site-packages/google/protobuf/json_format.py", line 589, in _ConvertFieldValuePair
    setattr(message, field.name, _ConvertScalarFieldValue(value, field))
  File "/Users/balazsattila/Env/fuzz_framework/.venv/lib/python3.8/site-packages/google/protobuf/json_format.py", line 720, in _ConvertScalarFieldValue
    return _ConvertInteger(value)
  File "/Users/balazsattila/Env/fuzz_framework/.venv/lib/python3.8/site-packages/google/protobuf/json_format.py", line 781, in _ConvertInteger
    return int(value)
TypeError: int() argument must be a string, a bytes-like object or a number, not 'dict'

During handling of the above exception, another exception occurred:

Traceback (most recent call last):
  File "/Users/balazsattila/Env/fuzzer_framework/framework/targets/protobuf_target.py", line 246, in transmit
    self._send_to_target(payload)
  File "/Users/balazsattila/Env/fuzzer_framework/framework/targets/protobuf_target.py", line 133, in _send_to_target
    proto_payload = self._construct_message(data, self.pb2_module)
  File "/Users/balazsattila/Env/fuzzer_framework/framework/targets/protobuf_target.py", line 106, in _construct_message
    msg = json_format.ParseDict(val, module_to_put_into())
  File "/Users/balazsattila/Env/fuzz_framework/.venv/lib/python3.8/site-packages/google/protobuf/json_format.py", line 452, in ParseDict
    parser.ConvertMessage(js_dict, message)
  File "/Users/balazsattila/Env/fuzz_framework/.venv/lib/python3.8/site-packages/google/protobuf/json_format.py", line 483, in ConvertMessage
    self._ConvertFieldValuePair(value, message)
  File "/Users/balazsattila/Env/fuzz_framework/.venv/lib/python3.8/site-packages/google/protobuf/json_format.py", line 598, in _ConvertFieldValuePair
    raise ParseError('Failed to parse {0} field: {1}.'.format(name, e))
google.protobuf.json_format.ParseError: Failed to parse date field: int() argument must be a string, a bytes-like object or a number, not 'dict'.

[2020-11-10 19:04:32,482] [INFO] [base._test_info] -> Current test: 8
[2020-11-10 19:04:32,483] [DEBUG] [base._test_info] -> ----------------------------------------------
[2020-11-10 19:04:32,484] [DEBUG] [base._test_info] -> ----------------------------------------------
[2020-11-10 19:04:32,507] [INFO] [protobuf_target.transmit] -> request(7067): 7b2252657175657374223a7b22737461747573223a2231222c2270726976617465223a223135222c226964223a223135222c ...
[2020-11-10 19:04:32,508] [DEBUG] [protobuf_target.transmit] -> payload b'{"Request":{"status":"1","private":"15","id":"15","accessToken":"%s%s%s%s%s%s%s%s%s%s%s%s%s%s%s%s%s%s%s%s%s%s%s%s%s%s%s%s%s%s%s%s%s%s%s%s%s%s%s%s%s%s%s%s%s%s%s%s%s%s%s%s%s%s%s%s%s%s%s%s%s%s%s%s%s%s%s%s%s%s%s%s%s%s%s%s%s%s%s%s%s%s%s%s%s%s%s%s%s%s%s%s%s%s%s%s%s%s%s%s%s%s%s%s%s%s%s%s%s%s%s%s%s%s%s%s%s%s%s%s%s%s%s%s%s%s%s%s%s%s%s%s%s%s%s%s%s%s%s%s%s%s%s%s%s%s%s%s%s%s%s%s%s%s%s%s%s%s%s%s%s%s%s%s%s%s%s%s%s%s%s%s%s%s%s%s%s%s%s%s%s%s%s%s%s%s%s%s%s%s%s%s%s%s%s%s%s%s%s%s%s%s%s%s%s%s%s%s%s%s%s%s%s%s%s%s%s%s%s%s%s%s%s%s%s%s%s%s%s%s%s%s%s%s%s%s%s%s%s%s%s%s%s%s%s%s%s%s%s%s%s%s%s%s%s%s%s%s%s%s%s%s%s%s%s%s%s%s%s%s%s%s%s%s%s%s%s%s%s%s%s%s%s%s%s%s%s%s%s%s%s%s%s%s%s%s%s%s%s%s%s%s%s%s%s%s%s%s%s%s%s%s%s%s%s%s%s%s%s%s%s%s%s%s%s%s%s%s%s%s%s%s%s%s%s%s%s%s%s%s%s%s%s%s%s%s%s%s%s%s%s%s%s%s%s%s%s%s%s%s%s%s%s%s%s%s%s%s%s%s%s%s%s%s%s%s%s%s%s%s%s%s%s%s%s%s%s%s%s%s%s%s%s%s%s%s%s%s%s%s%s%s%s%s%s%s%s%s%s%s%s%s%s%s%s%s%s%s%s%s%s%s%s%s%s%s%s%s%s%s%s%s%s%s%s%s%s%s%s%s%s%s%s%s%s%s%s%s%s%s%s%s%s%s%s%s%s%s%s%s%s%s%s%s%s%s%s%s%s%s%s%s%s%s%s%s%s%s%s%s%s%s%s%s%s%s%s%s%s%s%s%s%s%s%s%s%s%s%s%s%s%s%s%s%s%s%s%s%s%s%s%s%s%s%s%s%s%s%s%s%s%s%s%s%s%s%s%s%s%s%s%s%s%s%s%s%s%s%s%s%s%s%s%s%s%s%s%s%s%s%s%s%s%s%s%s%s%s%s%s%s%s%s%s%s%s%s%s%s%s%s%s%s%s%s%s%s%s%s%s%s%s%s%s%s%s%s%s%s%s%s%s%s%s%s%s%s%s%s%s%s%s%s%s%s%s%s%s%s%s%s%s%s%s%s%s%s%s%s%s%s%s%s%s%s%s%s%s%s%s%s%s%s%s%s%s%s%s%s%s%s%s%s%s%s%s%s%s%s%s%s%s%s%s%s%s%s%s%s%s%s%s%s%s%s%s%s%s%s%s%s%s%s%s%s%s%s%s%s%s%s%s%s%s%s%s%s%s%s%s%s%s%s%s%s%s%s%s%s%s%s%s%s%s%s%s%s%s%s%s%s%s%s%s%s%s%s%s%s%s%s%s%s%s%s%s%s%s%s%s%s%s%s%s%s%s%s%s%s%s%s%s%s%s%s%s%s%s%s%s%s%s%s%s%s%s%s%s%s%s%s%s%s%s%s%s%s%s%s%s%s%s%s%s%s%s%s%s%s%s%s%s%s%s%s%s%s%s%s%s%s%s%s%s%s%s%s%s%s%s%s%s%s%s%s%s%s%s%s%s%s%s%s%s%s%s%s%s%s%s%s%s%s%s%s%s%s%s%s%s%s%s%s%s%s%s%s%s%s%s%s%s%s%s%s%s%s%s%s%s%s%s%s%s%s%s%s%s%s%s%s%s%s%s%s%s%s%s%s%s%s%s%s%s%s%s%s%s%s%s%s%s%s%s%s%s%s%s%s%s%s%s%s%s%s%s%s%s%s%s%s%s%s%s%s%s%s%s%s%s%s%s%s%s%s%s%s%s%s%s%s%s%s%s%s%s%s%s%s%s%s%s%s%s%s%s%s%s%s%s%s%s%s%s%s%s%s%s%s%s%s%s%s%s%s%s%s%s%s%s%s%s%s%s%s%s%s%s%s%s%s%s%s%s%s%s%s%s%s%s%s%s%s%s%s%s%s%s%s%s%s%s%s%s%s%s%s%s%s%s%s%s%s%s%s%s%s%s%s%s%s%s%s%s%s%s%s%s%s%s%s%s%s%s","queryActivities":{"bikeQuery":[{"athlete":{"id":1395017560,"user":{"userName":"s5hh3va0gjqpu","firstName":"ps1woucyp5vhx059d","lastName":"1oczms0ifb1j"},"bikes":[{"bikeBrand":"1","bikeName":"po5rr9fm"}],"shoes":[{"shoeBrand":"1","shoeName":"zc1020ytpr0w827c"}],"weight":2712872123,"age":349255957},"segment":[{"segId":4099905807,"name":"4vatsw5xqti6pye6fa9","route":{"elevation":1145223507,"place":[{"country":"48i1t2","city":"62kbftc5w8ir7p12sqw","distance":3124284696}],"map":{"startAtLong":"iar4ttvyqf","endAtLong":"8f8d0cdsim1j8cyu6g","height":1748992138,"category":"1"}},"elevHigh":3392249624,"elevLow":1768611931,"hearthData":{"averageHearthRate":1311383764,"minHearthRate":1729344168,"maxHearthRate":3183127692}}]}],"swimQuery":[{"athlete":{"id":3995300670,"user":{"userName":"fyv8r0","firstName":"ntcw6m3m66nd2t9vo8u","lastName":"7wvdnyli4fe0"},"bikes":[{"bikeBrand":"1","bikeName":"uxr3r"}],"shoes":[{"shoeBrand":"1","shoeName":"2tzrm"}],"weight":346433409,"age":4190470201},"segment":[{"segId":4273429407,"name":"5yhfcn69xjz4zarhzas","hearthData":{"averageHearthRate":1036985087,"minHearthRate":357095933,"maxHearthRate":3977153503}}]}],"runQuery":[{"athlete":{"id":2494799655,"user":{"userName":"r58aqr6n","firstName":"ujqavyy00fhm","lastName":"uqummslw5k"},"bikes":[{"bikeBrand":"1","bikeName":"ah7it3rgggpxw50"}],"shoes":[{"shoeBrand":"1","shoeName":"gu1vv"}],"weight":312461109,"age":2260517418},"segment":[{"segId":3462176999,"name":"fzzuvbr7l0zkxpl742tt","route":{"elevation":1551422023,"place":[{"country":"bpnorzg","city":"o44ecunupp8","distance":2548013318}],"map":{"startAtLong":"wrq035i826w9b","endAtLong":"8aine","height":1334620248,"category":"1"}},"elevHigh":425062575,"elevLow":509129808,"hearthData":{"averageHearthRate":50284837,"minHearthRate":3999596997,"maxHearthRate":1930903635}}]}],"skiQuery":[{"athlete":{"id":3327385391,"user":{"userName":"r8x6hy","firstName":"ap1c791m","lastName":"8ks0yqbg"},"bikes":[{"bikeBrand":"1","bikeName":"6vhjv0ddk1yn9hh"}],"shoes":[{"shoeBrand":"1","shoeName":"1xcgxgq87m3w"}],"weight":2816947185,"age":2170118290},"segment":[{"segId":3015115802,"name":"4bqb6w97tgbky3","route":{"elevation":1457364392,"place":[{"country":"sweauhkq3odp","city":"bf1vwvo6nw5tr","distance":980419701}],"map":{"startAtLong":"4mcu40","endAtLong":"4a82w5","height":530972040,"category":"1"}},"elevHigh":1584828898,"elevLow":2928084382,"hearthData":{"averageHearthRate":1936346480,"minHearthRate":4258723058,"maxHearthRate":279018816}}]}]},"date":{"bikeQuery":[{"athlete":{"id":1395017560,"user":{"userName":"s5hh3va0gjqpu","firstName":"ps1woucyp5vhx059d","lastName":"1oczms0ifb1j"},"bikes":[{"bikeBrand":"1","bikeName":"po5rr9fm"}],"shoes":[{"shoeBrand":"1","shoeName":"zc1020ytpr0w827c"}],"weight":2712872123,"age":349255957},"segment":[{"segId":4099905807,"name":"4vatsw5xqti6pye6fa9","route":{"elevation":1145223507,"place":[{"country":"48i1t2","city":"62kbftc5w8ir7p12sqw","distance":3124284696}],"map":{"startAtLong":"iar4ttvyqf","endAtLong":"8f8d0cdsim1j8cyu6g","height":1748992138,"category":"1"}},"elevHigh":3392249624,"elevLow":1768611931,"hearthData":{"averageHearthRate":1311383764,"minHearthRate":1729344168,"maxHearthRate":3183127692}}]}],"swimQuery":[{"athlete":{"id":3995300670,"user":{"userName":"fyv8r0","firstName":"ntcw6m3m66nd2t9vo8u","lastName":"7wvdnyli4fe0"},"bikes":[{"bikeBrand":"1","bikeName":"uxr3r"}],"shoes":[{"shoeBrand":"1","shoeName":"2tzrm"}],"weight":346433409,"age":4190470201},"segment":[{"segId":4273429407,"name":"5yhfcn69xjz4zarhzas","hearthData":{"averageHearthRate":1036985087,"minHearthRate":357095933,"maxHearthRate":3977153503}}]}],"runQuery":[{"athlete":{"id":2494799655,"user":{"userName":"r58aqr6n","firstName":"ujqavyy00fhm","lastName":"uqummslw5k"},"bikes":[{"bikeBrand":"1","bikeName":"ah7it3rgggpxw50"}],"shoes":[{"shoeBrand":"1","shoeName":"gu1vv"}],"weight":312461109,"age":2260517418},"segment":[{"segId":3462176999,"name":"fzzuvbr7l0zkxpl742tt","route":{"elevation":1551422023,"place":[{"country":"bpnorzg","city":"o44ecunupp8","distance":2548013318}],"map":{"startAtLong":"wrq035i826w9b","endAtLong":"8aine","height":1334620248,"category":"1"}},"elevHigh":425062575,"elevLow":509129808,"hearthData":{"averageHearthRate":50284837,"minHearthRate":3999596997,"maxHearthRate":1930903635}}]}],"skiQuery":[{"athlete":{"id":3327385391,"user":{"userName":"r8x6hy","firstName":"ap1c791m","lastName":"8ks0yqbg"},"bikes":[{"bikeBrand":"1","bikeName":"6vhjv0ddk1yn9hh"}],"shoes":[{"shoeBrand":"1","shoeName":"1xcgxgq87m3w"}],"weight":2816947185,"age":2170118290},"segment":[{"segId":3015115802,"name":"4bqb6w97tgbky3","route":{"elevation":1457364392,"place":[{"country":"sweauhkq3odp","city":"bf1vwvo6nw5tr","distance":980419701}],"map":{"startAtLong":"4mcu40","endAtLong":"4a82w5","height":530972040,"category":"1"}},"elevHigh":1584828898,"elevLow":2928084382,"hearthData":{"averageHearthRate":1936346480,"minHearthRate":4258723058,"maxHearthRate":279018816}}]}]}}}'
[2020-11-10 19:04:32,511] [ERROR] [protobuf_target.transmit] -> target.transmit - failure in send (exception: Failed to parse date field: int() argument must be a string, a bytes-like object or a number, not 'dict'.)
[2020-11-10 19:04:32,511] [ERROR] [protobuf_target.transmit] -> Traceback (most recent call last):
  File "/Users/balazsattila/Env/fuzz_framework/.venv/lib/python3.8/site-packages/google/protobuf/json_format.py", line 589, in _ConvertFieldValuePair
    setattr(message, field.name, _ConvertScalarFieldValue(value, field))
  File "/Users/balazsattila/Env/fuzz_framework/.venv/lib/python3.8/site-packages/google/protobuf/json_format.py", line 720, in _ConvertScalarFieldValue
    return _ConvertInteger(value)
  File "/Users/balazsattila/Env/fuzz_framework/.venv/lib/python3.8/site-packages/google/protobuf/json_format.py", line 781, in _ConvertInteger
    return int(value)
TypeError: int() argument must be a string, a bytes-like object or a number, not 'dict'

During handling of the above exception, another exception occurred:

Traceback (most recent call last):
  File "/Users/balazsattila/Env/fuzzer_framework/framework/targets/protobuf_target.py", line 246, in transmit
    self._send_to_target(payload)
  File "/Users/balazsattila/Env/fuzzer_framework/framework/targets/protobuf_target.py", line 133, in _send_to_target
    proto_payload = self._construct_message(data, self.pb2_module)
  File "/Users/balazsattila/Env/fuzzer_framework/framework/targets/protobuf_target.py", line 106, in _construct_message
    msg = json_format.ParseDict(val, module_to_put_into())
  File "/Users/balazsattila/Env/fuzz_framework/.venv/lib/python3.8/site-packages/google/protobuf/json_format.py", line 452, in ParseDict
    parser.ConvertMessage(js_dict, message)
  File "/Users/balazsattila/Env/fuzz_framework/.venv/lib/python3.8/site-packages/google/protobuf/json_format.py", line 483, in ConvertMessage
    self._ConvertFieldValuePair(value, message)
  File "/Users/balazsattila/Env/fuzz_framework/.venv/lib/python3.8/site-packages/google/protobuf/json_format.py", line 598, in _ConvertFieldValuePair
    raise ParseError('Failed to parse {0} field: {1}.'.format(name, e))
google.protobuf.json_format.ParseError: Failed to parse date field: int() argument must be a string, a bytes-like object or a number, not 'dict'.

[2020-11-10 19:04:32,656] [INFO] [base._test_info] -> Current test: 9
[2020-11-10 19:04:32,656] [DEBUG] [base._test_info] -> ----------------------------------------------
[2020-11-10 19:04:32,656] [DEBUG] [base._test_info] -> ----------------------------------------------
[2020-11-10 19:04:32,710] [INFO] [protobuf_target.transmit] -> request(5275): 7b2252657175657374223a7b22737461747573223a2231222c2270726976617465223a223135222c226964223a223135222c ...
[2020-11-10 19:04:32,710] [DEBUG] [protobuf_target.transmit] -> payload b'{"Request":{"status":"1","private":"15","id":"15","accessToken":"%s%s%s%s%s%s%s%s%s%s%s%s%s%s%s%s%s%s%s%s%s%s%s%s%s%s%s%s%s%s%s%s%s%s%s%s%s%s%s%s%s%s%s%s%s%s%s%s%s%s%s%s%s%s%s%s%s%s%s%s%s%s%s%s%s%s%s%s%s%s%s%s%s%s%s%s%s%s%s%s%s%s%s%s%s%s%s%s%s%s%s%s%s%s%s%s%s%s%s%s%s%s%s%s%s%s%s%s%s%s%s%s%s%s%s%s%s%s%s%s%s%s%s%s%s%s%s%s","queryActivities":{"bikeQuery":[{"athlete":{"id":1395017560,"user":{"userName":"s5hh3va0gjqpu","firstName":"ps1woucyp5vhx059d","lastName":"1oczms0ifb1j"},"bikes":[{"bikeBrand":"1","bikeName":"po5rr9fm"}],"shoes":[{"shoeBrand":"1","shoeName":"zc1020ytpr0w827c"}],"weight":2712872123,"age":349255957},"segment":[{"segId":4099905807,"name":"4vatsw5xqti6pye6fa9","route":{"elevation":1145223507,"place":[{"country":"48i1t2","city":"62kbftc5w8ir7p12sqw","distance":3124284696}],"map":{"startAtLong":"iar4ttvyqf","endAtLong":"8f8d0cdsim1j8cyu6g","height":1748992138,"category":"1"}},"elevHigh":3392249624,"elevLow":1768611931,"hearthData":{"averageHearthRate":1311383764,"minHearthRate":1729344168,"maxHearthRate":3183127692}}]}],"swimQuery":[{"athlete":{"id":3995300670,"user":{"userName":"fyv8r0","firstName":"ntcw6m3m66nd2t9vo8u","lastName":"7wvdnyli4fe0"},"bikes":[{"bikeBrand":"1","bikeName":"uxr3r"}],"shoes":[{"shoeBrand":"1","shoeName":"2tzrm"}],"weight":346433409,"age":4190470201},"segment":[{"segId":4273429407,"name":"5yhfcn69xjz4zarhzas","hearthData":{"averageHearthRate":1036985087,"minHearthRate":357095933,"maxHearthRate":3977153503}}]}],"runQuery":[{"athlete":{"id":2494799655,"user":{"userName":"r58aqr6n","firstName":"ujqavyy00fhm","lastName":"uqummslw5k"},"bikes":[{"bikeBrand":"1","bikeName":"ah7it3rgggpxw50"}],"shoes":[{"shoeBrand":"1","shoeName":"gu1vv"}],"weight":312461109,"age":2260517418},"segment":[{"segId":3462176999,"name":"fzzuvbr7l0zkxpl742tt","route":{"elevation":1551422023,"place":[{"country":"bpnorzg","city":"o44ecunupp8","distance":2548013318}],"map":{"startAtLong":"wrq035i826w9b","endAtLong":"8aine","height":1334620248,"category":"1"}},"elevHigh":425062575,"elevLow":509129808,"hearthData":{"averageHearthRate":50284837,"minHearthRate":3999596997,"maxHearthRate":1930903635}}]}],"skiQuery":[{"athlete":{"id":3327385391,"user":{"userName":"r8x6hy","firstName":"ap1c791m","lastName":"8ks0yqbg"},"bikes":[{"bikeBrand":"1","bikeName":"6vhjv0ddk1yn9hh"}],"shoes":[{"shoeBrand":"1","shoeName":"1xcgxgq87m3w"}],"weight":2816947185,"age":2170118290},"segment":[{"segId":3015115802,"name":"4bqb6w97tgbky3","route":{"elevation":1457364392,"place":[{"country":"sweauhkq3odp","city":"bf1vwvo6nw5tr","distance":980419701}],"map":{"startAtLong":"4mcu40","endAtLong":"4a82w5","height":530972040,"category":"1"}},"elevHigh":1584828898,"elevLow":2928084382,"hearthData":{"averageHearthRate":1936346480,"minHearthRate":4258723058,"maxHearthRate":279018816}}]}]},"date":{"bikeQuery":[{"athlete":{"id":1395017560,"user":{"userName":"s5hh3va0gjqpu","firstName":"ps1woucyp5vhx059d","lastName":"1oczms0ifb1j"},"bikes":[{"bikeBrand":"1","bikeName":"po5rr9fm"}],"shoes":[{"shoeBrand":"1","shoeName":"zc1020ytpr0w827c"}],"weight":2712872123,"age":349255957},"segment":[{"segId":4099905807,"name":"4vatsw5xqti6pye6fa9","route":{"elevation":1145223507,"place":[{"country":"48i1t2","city":"62kbftc5w8ir7p12sqw","distance":3124284696}],"map":{"startAtLong":"iar4ttvyqf","endAtLong":"8f8d0cdsim1j8cyu6g","height":1748992138,"category":"1"}},"elevHigh":3392249624,"elevLow":1768611931,"hearthData":{"averageHearthRate":1311383764,"minHearthRate":1729344168,"maxHearthRate":3183127692}}]}],"swimQuery":[{"athlete":{"id":3995300670,"user":{"userName":"fyv8r0","firstName":"ntcw6m3m66nd2t9vo8u","lastName":"7wvdnyli4fe0"},"bikes":[{"bikeBrand":"1","bikeName":"uxr3r"}],"shoes":[{"shoeBrand":"1","shoeName":"2tzrm"}],"weight":346433409,"age":4190470201},"segment":[{"segId":4273429407,"name":"5yhfcn69xjz4zarhzas","hearthData":{"averageHearthRate":1036985087,"minHearthRate":357095933,"maxHearthRate":3977153503}}]}],"runQuery":[{"athlete":{"id":2494799655,"user":{"userName":"r58aqr6n","firstName":"ujqavyy00fhm","lastName":"uqummslw5k"},"bikes":[{"bikeBrand":"1","bikeName":"ah7it3rgggpxw50"}],"shoes":[{"shoeBrand":"1","shoeName":"gu1vv"}],"weight":312461109,"age":2260517418},"segment":[{"segId":3462176999,"name":"fzzuvbr7l0zkxpl742tt","route":{"elevation":1551422023,"place":[{"country":"bpnorzg","city":"o44ecunupp8","distance":2548013318}],"map":{"startAtLong":"wrq035i826w9b","endAtLong":"8aine","height":1334620248,"category":"1"}},"elevHigh":425062575,"elevLow":509129808,"hearthData":{"averageHearthRate":50284837,"minHearthRate":3999596997,"maxHearthRate":1930903635}}]}],"skiQuery":[{"athlete":{"id":3327385391,"user":{"userName":"r8x6hy","firstName":"ap1c791m","lastName":"8ks0yqbg"},"bikes":[{"bikeBrand":"1","bikeName":"6vhjv0ddk1yn9hh"}],"shoes":[{"shoeBrand":"1","shoeName":"1xcgxgq87m3w"}],"weight":2816947185,"age":2170118290},"segment":[{"segId":3015115802,"name":"4bqb6w97tgbky3","route":{"elevation":1457364392,"place":[{"country":"sweauhkq3odp","city":"bf1vwvo6nw5tr","distance":980419701}],"map":{"startAtLong":"4mcu40","endAtLong":"4a82w5","height":530972040,"category":"1"}},"elevHigh":1584828898,"elevLow":2928084382,"hearthData":{"averageHearthRate":1936346480,"minHearthRate":4258723058,"maxHearthRate":279018816}}]}]}}}'
[2020-11-10 19:04:32,798] [ERROR] [protobuf_target.transmit] -> target.transmit - failure in send (exception: Failed to parse date field: int() argument must be a string, a bytes-like object or a number, not 'dict'.)
[2020-11-10 19:04:32,802] [ERROR] [protobuf_target.transmit] -> Traceback (most recent call last):
  File "/Users/balazsattila/Env/fuzz_framework/.venv/lib/python3.8/site-packages/google/protobuf/json_format.py", line 589, in _ConvertFieldValuePair
    setattr(message, field.name, _ConvertScalarFieldValue(value, field))
  File "/Users/balazsattila/Env/fuzz_framework/.venv/lib/python3.8/site-packages/google/protobuf/json_format.py", line 720, in _ConvertScalarFieldValue
    return _ConvertInteger(value)
  File "/Users/balazsattila/Env/fuzz_framework/.venv/lib/python3.8/site-packages/google/protobuf/json_format.py", line 781, in _ConvertInteger
    return int(value)
TypeError: int() argument must be a string, a bytes-like object or a number, not 'dict'

During handling of the above exception, another exception occurred:

Traceback (most recent call last):
  File "/Users/balazsattila/Env/fuzzer_framework/framework/targets/protobuf_target.py", line 246, in transmit
    self._send_to_target(payload)
  File "/Users/balazsattila/Env/fuzzer_framework/framework/targets/protobuf_target.py", line 133, in _send_to_target
    proto_payload = self._construct_message(data, self.pb2_module)
  File "/Users/balazsattila/Env/fuzzer_framework/framework/targets/protobuf_target.py", line 106, in _construct_message
    msg = json_format.ParseDict(val, module_to_put_into())
  File "/Users/balazsattila/Env/fuzz_framework/.venv/lib/python3.8/site-packages/google/protobuf/json_format.py", line 452, in ParseDict
    parser.ConvertMessage(js_dict, message)
  File "/Users/balazsattila/Env/fuzz_framework/.venv/lib/python3.8/site-packages/google/protobuf/json_format.py", line 483, in ConvertMessage
    self._ConvertFieldValuePair(value, message)
  File "/Users/balazsattila/Env/fuzz_framework/.venv/lib/python3.8/site-packages/google/protobuf/json_format.py", line 598, in _ConvertFieldValuePair
    raise ParseError('Failed to parse {0} field: {1}.'.format(name, e))
google.protobuf.json_format.ParseError: Failed to parse date field: int() argument must be a string, a bytes-like object or a number, not 'dict'.

[2020-11-10 19:04:32,898] [INFO] [base._test_info] -> Current test: 10
[2020-11-10 19:04:32,898] [DEBUG] [base._test_info] -> ----------------------------------------------
[2020-11-10 19:04:32,899] [DEBUG] [base._test_info] -> ----------------------------------------------
[2020-11-10 19:04:32,932] [INFO] [protobuf_target.transmit] -> request(5051): 7b2252657175657374223a7b22737461747573223a2231222c2270726976617465223a223135222c226964223a223135222c ...
[2020-11-10 19:04:32,933] [DEBUG] [protobuf_target.transmit] -> payload b'{"Request":{"status":"1","private":"15","id":"15","accessToken":"%s%s%s%s%s%s%s%s%s%s%s%s%s%s%s%s","queryActivities":{"bikeQuery":[{"athlete":{"id":1395017560,"user":{"userName":"s5hh3va0gjqpu","firstName":"ps1woucyp5vhx059d","lastName":"1oczms0ifb1j"},"bikes":[{"bikeBrand":"1","bikeName":"po5rr9fm"}],"shoes":[{"shoeBrand":"1","shoeName":"zc1020ytpr0w827c"}],"weight":2712872123,"age":349255957},"segment":[{"segId":4099905807,"name":"4vatsw5xqti6pye6fa9","route":{"elevation":1145223507,"place":[{"country":"48i1t2","city":"62kbftc5w8ir7p12sqw","distance":3124284696}],"map":{"startAtLong":"iar4ttvyqf","endAtLong":"8f8d0cdsim1j8cyu6g","height":1748992138,"category":"1"}},"elevHigh":3392249624,"elevLow":1768611931,"hearthData":{"averageHearthRate":1311383764,"minHearthRate":1729344168,"maxHearthRate":3183127692}}]}],"swimQuery":[{"athlete":{"id":3995300670,"user":{"userName":"fyv8r0","firstName":"ntcw6m3m66nd2t9vo8u","lastName":"7wvdnyli4fe0"},"bikes":[{"bikeBrand":"1","bikeName":"uxr3r"}],"shoes":[{"shoeBrand":"1","shoeName":"2tzrm"}],"weight":346433409,"age":4190470201},"segment":[{"segId":4273429407,"name":"5yhfcn69xjz4zarhzas","hearthData":{"averageHearthRate":1036985087,"minHearthRate":357095933,"maxHearthRate":3977153503}}]}],"runQuery":[{"athlete":{"id":2494799655,"user":{"userName":"r58aqr6n","firstName":"ujqavyy00fhm","lastName":"uqummslw5k"},"bikes":[{"bikeBrand":"1","bikeName":"ah7it3rgggpxw50"}],"shoes":[{"shoeBrand":"1","shoeName":"gu1vv"}],"weight":312461109,"age":2260517418},"segment":[{"segId":3462176999,"name":"fzzuvbr7l0zkxpl742tt","route":{"elevation":1551422023,"place":[{"country":"bpnorzg","city":"o44ecunupp8","distance":2548013318}],"map":{"startAtLong":"wrq035i826w9b","endAtLong":"8aine","height":1334620248,"category":"1"}},"elevHigh":425062575,"elevLow":509129808,"hearthData":{"averageHearthRate":50284837,"minHearthRate":3999596997,"maxHearthRate":1930903635}}]}],"skiQuery":[{"athlete":{"id":3327385391,"user":{"userName":"r8x6hy","firstName":"ap1c791m","lastName":"8ks0yqbg"},"bikes":[{"bikeBrand":"1","bikeName":"6vhjv0ddk1yn9hh"}],"shoes":[{"shoeBrand":"1","shoeName":"1xcgxgq87m3w"}],"weight":2816947185,"age":2170118290},"segment":[{"segId":3015115802,"name":"4bqb6w97tgbky3","route":{"elevation":1457364392,"place":[{"country":"sweauhkq3odp","city":"bf1vwvo6nw5tr","distance":980419701}],"map":{"startAtLong":"4mcu40","endAtLong":"4a82w5","height":530972040,"category":"1"}},"elevHigh":1584828898,"elevLow":2928084382,"hearthData":{"averageHearthRate":1936346480,"minHearthRate":4258723058,"maxHearthRate":279018816}}]}]},"date":{"bikeQuery":[{"athlete":{"id":1395017560,"user":{"userName":"s5hh3va0gjqpu","firstName":"ps1woucyp5vhx059d","lastName":"1oczms0ifb1j"},"bikes":[{"bikeBrand":"1","bikeName":"po5rr9fm"}],"shoes":[{"shoeBrand":"1","shoeName":"zc1020ytpr0w827c"}],"weight":2712872123,"age":349255957},"segment":[{"segId":4099905807,"name":"4vatsw5xqti6pye6fa9","route":{"elevation":1145223507,"place":[{"country":"48i1t2","city":"62kbftc5w8ir7p12sqw","distance":3124284696}],"map":{"startAtLong":"iar4ttvyqf","endAtLong":"8f8d0cdsim1j8cyu6g","height":1748992138,"category":"1"}},"elevHigh":3392249624,"elevLow":1768611931,"hearthData":{"averageHearthRate":1311383764,"minHearthRate":1729344168,"maxHearthRate":3183127692}}]}],"swimQuery":[{"athlete":{"id":3995300670,"user":{"userName":"fyv8r0","firstName":"ntcw6m3m66nd2t9vo8u","lastName":"7wvdnyli4fe0"},"bikes":[{"bikeBrand":"1","bikeName":"uxr3r"}],"shoes":[{"shoeBrand":"1","shoeName":"2tzrm"}],"weight":346433409,"age":4190470201},"segment":[{"segId":4273429407,"name":"5yhfcn69xjz4zarhzas","hearthData":{"averageHearthRate":1036985087,"minHearthRate":357095933,"maxHearthRate":3977153503}}]}],"runQuery":[{"athlete":{"id":2494799655,"user":{"userName":"r58aqr6n","firstName":"ujqavyy00fhm","lastName":"uqummslw5k"},"bikes":[{"bikeBrand":"1","bikeName":"ah7it3rgggpxw50"}],"shoes":[{"shoeBrand":"1","shoeName":"gu1vv"}],"weight":312461109,"age":2260517418},"segment":[{"segId":3462176999,"name":"fzzuvbr7l0zkxpl742tt","route":{"elevation":1551422023,"place":[{"country":"bpnorzg","city":"o44ecunupp8","distance":2548013318}],"map":{"startAtLong":"wrq035i826w9b","endAtLong":"8aine","height":1334620248,"category":"1"}},"elevHigh":425062575,"elevLow":509129808,"hearthData":{"averageHearthRate":50284837,"minHearthRate":3999596997,"maxHearthRate":1930903635}}]}],"skiQuery":[{"athlete":{"id":3327385391,"user":{"userName":"r8x6hy","firstName":"ap1c791m","lastName":"8ks0yqbg"},"bikes":[{"bikeBrand":"1","bikeName":"6vhjv0ddk1yn9hh"}],"shoes":[{"shoeBrand":"1","shoeName":"1xcgxgq87m3w"}],"weight":2816947185,"age":2170118290},"segment":[{"segId":3015115802,"name":"4bqb6w97tgbky3","route":{"elevation":1457364392,"place":[{"country":"sweauhkq3odp","city":"bf1vwvo6nw5tr","distance":980419701}],"map":{"startAtLong":"4mcu40","endAtLong":"4a82w5","height":530972040,"category":"1"}},"elevHigh":1584828898,"elevLow":2928084382,"hearthData":{"averageHearthRate":1936346480,"minHearthRate":4258723058,"maxHearthRate":279018816}}]}]}}}'
[2020-11-10 19:04:32,984] [ERROR] [protobuf_target.transmit] -> target.transmit - failure in send (exception: Failed to parse date field: int() argument must be a string, a bytes-like object or a number, not 'dict'.)
[2020-11-10 19:04:32,987] [ERROR] [protobuf_target.transmit] -> Traceback (most recent call last):
  File "/Users/balazsattila/Env/fuzz_framework/.venv/lib/python3.8/site-packages/google/protobuf/json_format.py", line 589, in _ConvertFieldValuePair
    setattr(message, field.name, _ConvertScalarFieldValue(value, field))
  File "/Users/balazsattila/Env/fuzz_framework/.venv/lib/python3.8/site-packages/google/protobuf/json_format.py", line 720, in _ConvertScalarFieldValue
    return _ConvertInteger(value)
  File "/Users/balazsattila/Env/fuzz_framework/.venv/lib/python3.8/site-packages/google/protobuf/json_format.py", line 781, in _ConvertInteger
    return int(value)
TypeError: int() argument must be a string, a bytes-like object or a number, not 'dict'

During handling of the above exception, another exception occurred:

Traceback (most recent call last):
  File "/Users/balazsattila/Env/fuzzer_framework/framework/targets/protobuf_target.py", line 246, in transmit
    self._send_to_target(payload)
  File "/Users/balazsattila/Env/fuzzer_framework/framework/targets/protobuf_target.py", line 133, in _send_to_target
    proto_payload = self._construct_message(data, self.pb2_module)
  File "/Users/balazsattila/Env/fuzzer_framework/framework/targets/protobuf_target.py", line 106, in _construct_message
    msg = json_format.ParseDict(val, module_to_put_into())
  File "/Users/balazsattila/Env/fuzz_framework/.venv/lib/python3.8/site-packages/google/protobuf/json_format.py", line 452, in ParseDict
    parser.ConvertMessage(js_dict, message)
  File "/Users/balazsattila/Env/fuzz_framework/.venv/lib/python3.8/site-packages/google/protobuf/json_format.py", line 483, in ConvertMessage
    self._ConvertFieldValuePair(value, message)
  File "/Users/balazsattila/Env/fuzz_framework/.venv/lib/python3.8/site-packages/google/protobuf/json_format.py", line 598, in _ConvertFieldValuePair
    raise ParseError('Failed to parse {0} field: {1}.'.format(name, e))
google.protobuf.json_format.ParseError: Failed to parse date field: int() argument must be a string, a bytes-like object or a number, not 'dict'.

[2020-11-10 19:04:33,138] [INFO] [protobuf_controller.teardown] -> Test Finish
